[train] run 'run_1' -> runs/run_1
[train] device=cuda precision=bf16 net=128x7 sims=100 games/iter=96 parallel=16 iters=200 tensorboard=on
[train] 8 self-play worker processes
[iter 1/200] self-play 96 games @ 100 sims ...
[iter   1/200] loss 6.993 (p 6.535 v 0.458) | games 96 pos 12169 buf 12169 | selfplay 127s train 1s (0.76 g/s) | elapsed 0:02:07 ETA 7:03:48
[iter 2/200] self-play 96 games @ 100 sims ...
[iter   2/200] loss 4.576 (p 4.381 v 0.195) | games 96 pos 12889 buf 25058 | selfplay 132s train 2s (0.73 g/s) | elapsed 0:04:21 ETA 7:10:55
[iter 3/200] self-play 96 games @ 100 sims ...
[iter   3/200] loss 3.691 (p 3.562 v 0.129) | games 96 pos 10990 buf 36048 | selfplay 120s train 2s (0.80 g/s) | elapsed 0:06:23 ETA 6:59:56
[iter 4/200] self-play 96 games @ 100 sims ...
[iter   4/200] loss 3.445 (p 3.359 v 0.086) | games 96 pos 11243 buf 47291 | selfplay 122s train 3s (0.78 g/s) | elapsed 0:08:29 ETA 6:55:48
[iter 5/200] self-play 96 games @ 100 sims ...
[iter   5/200] loss 3.316 (p 3.244 v 0.072) | games 96 pos 11454 buf 58745 | selfplay 124s train 4s (0.78 g/s) | elapsed 0:10:36 ETA 6:53:54
[iter 6/200] self-play 96 games @ 100 sims ...
[iter   6/200] loss 3.248 (p 3.176 v 0.072) | games 96 pos 8711 buf 67456 | selfplay 95s train 4s (1.01 g/s) | elapsed 0:12:15 ETA 6:36:35
[iter 7/200] self-play 96 games @ 100 sims ...
[iter   7/200] loss 3.198 (p 3.134 v 0.064) | games 96 pos 9632 buf 77088 | selfplay 112s train 5s (0.86 g/s) | elapsed 0:14:12 ETA 6:31:57
[iter 8/200] self-play 96 games @ 100 sims ...
[iter   8/200] loss 3.127 (p 3.063 v 0.064) | games 96 pos 9466 buf 80000 | selfplay 117s train 5s (0.82 g/s) | elapsed 0:16:15 ETA 6:30:04
[iter 9/200] self-play 96 games @ 100 sims ...
[iter   9/200] loss 3.055 (p 2.998 v 0.057) | games 96 pos 8753 buf 80000 | selfplay 107s train 5s (0.90 g/s) | elapsed 0:18:07 ETA 6:24:42
[iter 10/200] self-play 96 games @ 100 sims ...
[iter  10/200] loss 3.014 (p 2.959 v 0.055) | games 96 pos 9737 buf 80000 | selfplay 111s train 5s (0.86 g/s) | elapsed 0:20:04 ETA 6:21:17
[iter 11/200] self-play 96 games @ 100 sims ...
[iter  11/200] loss 3.015 (p 2.959 v 0.056) | games 96 pos 9489 buf 80000 | selfplay 111s train 5s (0.86 g/s) | elapsed 0:22:00 ETA 6:18:04
[iter 12/200] self-play 96 games @ 100 sims ...
[iter  12/200] loss 3.015 (p 2.965 v 0.051) | games 96 pos 8724 buf 80000 | selfplay 103s train 5s (0.93 g/s) | elapsed 0:23:48 ETA 6:13:00
[iter 13/200] self-play 96 games @ 100 sims ...
[iter  13/200] loss 3.037 (p 2.985 v 0.052) | games 96 pos 9730 buf 80000 | selfplay 111s train 5s (0.87 g/s) | elapsed 0:25:44 ETA 6:10:15
[iter 14/200] self-play 96 games @ 100 sims ...
[iter  14/200] loss 3.052 (p 2.994 v 0.058) | games 96 pos 10954 buf 80000 | selfplay 122s train 5s (0.79 g/s) | elapsed 0:27:51 ETA 6:10:00
[iter 15/200] self-play 96 games @ 100 sims ...
[iter  15/200] loss 3.051 (p 2.992 v 0.060) | games 96 pos 10205 buf 80000 | selfplay 117s train 5s (0.82 g/s) | elapsed 0:29:52 ETA 6:08:32
[iter 16/200] self-play 96 games @ 100 sims ...
[iter  16/200] loss 3.056 (p 2.989 v 0.066) | games 96 pos 11031 buf 80000 | selfplay 126s train 5s (0.76 g/s) | elapsed 0:32:03 ETA 6:08:43
[iter 17/200] self-play 96 games @ 100 sims ...
[iter  17/200] loss 3.038 (p 2.982 v 0.056) | games 96 pos 9230 buf 80000 | selfplay 110s train 5s (0.88 g/s) | elapsed 0:33:58 ETA 6:05:46
[iter 18/200] self-play 96 games @ 100 sims ...
[iter  18/200] loss 3.041 (p 2.982 v 0.059) | games 96 pos 9521 buf 80000 | selfplay 104s train 5s (0.92 g/s) | elapsed 0:35:48 ETA 6:02:00
[iter 19/200] self-play 96 games @ 100 sims ...
[iter  19/200] loss 3.043 (p 2.982 v 0.061) | games 96 pos 10301 buf 80000 | selfplay 122s train 5s (0.79 g/s) | elapsed 0:37:55 ETA 6:01:18
[iter 20/200] self-play 96 games @ 100 sims ...
[iter  20/200] loss 3.055 (p 2.986 v 0.069) | games 96 pos 11642 buf 80000 | selfplay 128s train 5s (0.75 g/s) | elapsed 0:40:08 ETA 6:01:15
[iter 21/200] self-play 96 games @ 100 sims ...
[iter  21/200] loss 3.044 (p 2.981 v 0.062) | games 96 pos 10686 buf 80000 | selfplay 119s train 5s (0.81 g/s) | elapsed 0:42:12 ETA 5:59:45
[iter 22/200] self-play 96 games @ 100 sims ...
[iter  22/200] loss 3.036 (p 2.976 v 0.061) | games 96 pos 10344 buf 80000 | selfplay 118s train 5s (0.81 g/s) | elapsed 0:44:15 ETA 5:58:05
[iter 23/200] self-play 96 games @ 100 sims ...
[iter  23/200] loss 3.043 (p 2.975 v 0.068) | games 96 pos 10328 buf 80000 | selfplay 111s train 5s (0.87 g/s) | elapsed 0:46:11 ETA 5:55:27
[iter 24/200] self-play 96 games @ 100 sims ...
[iter  24/200] loss 3.033 (p 2.965 v 0.067) | games 96 pos 11060 buf 80000 | selfplay 121s train 5s (0.79 g/s) | elapsed 0:48:17 ETA 5:54:08
[iter 25/200] self-play 96 games @ 100 sims ...
[iter  25/200] loss 3.017 (p 2.948 v 0.069) | games 96 pos 11111 buf 80000 | selfplay 121s train 5s (0.79 g/s) | elapsed 0:50:23 ETA 5:52:47
[iter 26/200] self-play 96 games @ 100 sims ...
[iter  26/200] loss 3.010 (p 2.942 v 0.067) | games 96 pos 11078 buf 80000 | selfplay 117s train 5s (0.82 g/s) | elapsed 0:52:26 ETA 5:50:55
[iter 27/200] self-play 96 games @ 100 sims ...
[iter  27/200] loss 2.999 (p 2.933 v 0.066) | games 96 pos 9562 buf 80000 | selfplay 107s train 5s (0.90 g/s) | elapsed 0:54:18 ETA 5:47:58
[iter 28/200] self-play 96 games @ 100 sims ...
[iter  28/200] loss 3.014 (p 2.941 v 0.073) | games 96 pos 10440 buf 80000 | selfplay 115s train 5s (0.83 g/s) | elapsed 0:56:18 ETA 5:45:55
[iter 29/200] self-play 96 games @ 100 sims ...
[iter  29/200] loss 3.027 (p 2.943 v 0.084) | games 96 pos 11221 buf 80000 | selfplay 119s train 5s (0.81 g/s) | elapsed 0:58:22 ETA 5:44:12
[iter 30/200] self-play 96 games @ 100 sims ...
[iter  30/200] loss 3.005 (p 2.930 v 0.075) | games 96 pos 11973 buf 80000 | selfplay 121s train 5s (0.79 g/s) | elapsed 1:00:28 ETA 5:42:42
[iter 31/200] self-play 96 games @ 100 sims ...
[iter  31/200] loss 3.020 (p 2.935 v 0.086) | games 96 pos 10763 buf 80000 | selfplay 117s train 5s (0.82 g/s) | elapsed 1:02:30 ETA 5:40:48
[iter 32/200] self-play 96 games @ 100 sims ...
[iter  32/200] loss 3.037 (p 2.944 v 0.093) | games 96 pos 10398 buf 80000 | selfplay 112s train 5s (0.86 g/s) | elapsed 1:04:27 ETA 5:38:25
[iter 33/200] self-play 96 games @ 100 sims ...
[iter  33/200] loss 3.040 (p 2.947 v 0.093) | games 96 pos 12109 buf 80000 | selfplay 127s train 5s (0.76 g/s) | elapsed 1:06:39 ETA 5:37:21
[iter 34/200] self-play 96 games @ 100 sims ...
[iter  34/200] loss 3.027 (p 2.934 v 0.093) | games 96 pos 11603 buf 80000 | selfplay 122s train 5s (0.79 g/s) | elapsed 1:08:46 ETA 5:35:48
[iter 35/200] self-play 96 games @ 100 sims ...
[iter  35/200] loss 3.029 (p 2.926 v 0.103) | games 96 pos 11687 buf 80000 | selfplay 127s train 5s (0.76 g/s) | elapsed 1:10:58 ETA 5:34:37
[iter 36/200] self-play 96 games @ 100 sims ...
[iter  36/200] loss 3.010 (p 2.913 v 0.097) | games 96 pos 11054 buf 80000 | selfplay 120s train 5s (0.80 g/s) | elapsed 1:13:03 ETA 5:32:50
[iter 37/200] self-play 96 games @ 100 sims ...
[iter  37/200] loss 2.997 (p 2.904 v 0.093) | games 96 pos 11335 buf 80000 | selfplay 123s train 5s (0.78 g/s) | elapsed 1:15:11 ETA 5:31:15
[iter 38/200] self-play 96 games @ 100 sims ...
[iter  38/200] loss 2.990 (p 2.887 v 0.103) | games 96 pos 11466 buf 80000 | selfplay 123s train 5s (0.78 g/s) | elapsed 1:17:19 ETA 5:29:39
[iter 39/200] self-play 96 games @ 100 sims ...
[iter  39/200] loss 2.979 (p 2.869 v 0.111) | games 96 pos 11487 buf 80000 | selfplay 124s train 5s (0.78 g/s) | elapsed 1:19:28 ETA 5:28:04
[iter 40/200] self-play 96 games @ 100 sims ...
[iter  40/200] loss 2.961 (p 2.854 v 0.107) | games 96 pos 12332 buf 80000 | selfplay 126s train 5s (0.76 g/s) | elapsed 1:21:39 ETA 5:26:36
[iter 41/200] self-play 96 games @ 100 sims ...
[iter  41/200] loss 2.949 (p 2.842 v 0.107) | games 96 pos 12035 buf 80000 | selfplay 119s train 5s (0.81 g/s) | elapsed 1:23:43 ETA 5:24:40
[iter 42/200] self-play 96 games @ 100 sims ...
[iter  42/200] loss 2.942 (p 2.833 v 0.109) | games 96 pos 12325 buf 80000 | selfplay 126s train 5s (0.76 g/s) | elapsed 1:25:54 ETA 5:23:09
[iter 43/200] self-play 96 games @ 100 sims ...
[iter  43/200] loss 2.909 (p 2.808 v 0.100) | games 96 pos 11997 buf 80000 | selfplay 128s train 5s (0.75 g/s) | elapsed 1:28:07 ETA 5:21:44
[iter 44/200] self-play 96 games @ 100 sims ...
[iter  44/200] loss 2.890 (p 2.792 v 0.099) | games 96 pos 12601 buf 80000 | selfplay 129s train 5s (0.74 g/s) | elapsed 1:30:21 ETA 5:20:20
[iter 45/200] self-play 96 games @ 100 sims ...
[iter  45/200] loss 2.867 (p 2.775 v 0.092) | games 96 pos 12646 buf 80000 | selfplay 132s train 5s (0.73 g/s) | elapsed 1:32:38 ETA 5:19:04
[iter 46/200] self-play 96 games @ 100 sims ...
[iter  46/200] loss 2.868 (p 2.766 v 0.102) | games 96 pos 10861 buf 80000 | selfplay 123s train 5s (0.78 g/s) | elapsed 1:34:46 ETA 5:17:16
[iter 47/200] self-play 96 games @ 100 sims ...
[iter  47/200] loss 2.873 (p 2.767 v 0.106) | games 96 pos 11356 buf 80000 | selfplay 130s train 5s (0.74 g/s) | elapsed 1:37:01 ETA 5:15:51
[iter 48/200] self-play 96 games @ 100 sims ...
[iter  48/200] loss 2.867 (p 2.760 v 0.107) | games 96 pos 11663 buf 80000 | selfplay 131s train 5s (0.73 g/s) | elapsed 1:39:18 ETA 5:14:27
[iter 49/200] self-play 96 games @ 100 sims ...
[iter  49/200] loss 2.866 (p 2.763 v 0.103) | games 96 pos 12272 buf 80000 | selfplay 133s train 5s (0.72 g/s) | elapsed 1:41:36 ETA 5:13:06
[iter 50/200] self-play 96 games @ 100 sims ...
[iter  50/200] loss 2.863 (p 2.762 v 0.101) | games 96 pos 11882 buf 80000 | selfplay 125s train 5s (0.77 g/s) | elapsed 1:43:46 ETA 5:11:19
[iter 51/200] self-play 96 games @ 100 sims ...
[iter  51/200] loss 2.871 (p 2.765 v 0.106) | games 96 pos 11621 buf 80000 | selfplay 139s train 5s (0.69 g/s) | elapsed 1:46:10 ETA 5:10:12
[iter 52/200] self-play 96 games @ 100 sims ...
[iter  52/200] loss 2.862 (p 2.758 v 0.104) | games 96 pos 11587 buf 80000 | selfplay 141s train 5s (0.68 g/s) | elapsed 1:48:36 ETA 5:09:08
[iter 53/200] self-play 96 games @ 100 sims ...
[iter  53/200] loss 2.850 (p 2.743 v 0.107) | games 96 pos 12088 buf 80000 | selfplay 143s train 5s (0.67 g/s) | elapsed 1:51:05 ETA 5:08:07
[iter 54/200] self-play 96 games @ 100 sims ...
[iter  54/200] loss 2.839 (p 2.732 v 0.107) | games 96 pos 11466 buf 80000 | selfplay 143s train 6s (0.67 g/s) | elapsed 1:53:34 ETA 5:07:03
[iter 55/200] self-play 96 games @ 100 sims ...
[iter  55/200] loss 2.825 (p 2.722 v 0.102) | games 96 pos 11877 buf 80000 | selfplay 148s train 6s (0.65 g/s) | elapsed 1:56:07 ETA 5:06:09
[iter 56/200] self-play 96 games @ 100 sims ...
[iter  56/200] loss 2.825 (p 2.720 v 0.105) | games 96 pos 11147 buf 80000 | selfplay 146s train 6s (0.66 g/s) | elapsed 1:58:39 ETA 5:05:06
[iter 57/200] self-play 96 games @ 100 sims ...
[iter  57/200] loss 2.810 (p 2.714 v 0.096) | games 96 pos 11852 buf 80000 | selfplay 132s train 5s (0.73 g/s) | elapsed 2:00:56 ETA 5:03:23
[iter 58/200] self-play 96 games @ 100 sims ...
[iter  58/200] loss 2.800 (p 2.702 v 0.098) | games 96 pos 11724 buf 80000 | selfplay 128s train 5s (0.75 g/s) | elapsed 2:03:09 ETA 5:01:32
[iter 59/200] self-play 96 games @ 100 sims ...
[iter  59/200] loss 2.807 (p 2.704 v 0.104) | games 96 pos 11512 buf 80000 | selfplay 123s train 5s (0.78 g/s) | elapsed 2:05:18 ETA 4:59:27
[iter 60/200] self-play 96 games @ 100 sims ...
[iter  60/200] loss 2.792 (p 2.698 v 0.095) | games 96 pos 11878 buf 80000 | selfplay 130s train 5s (0.74 g/s) | elapsed 2:07:33 ETA 4:57:37
[iter 61/200] self-play 96 games @ 100 sims ...
[iter  61/200] loss 2.783 (p 2.678 v 0.105) | games 96 pos 11865 buf 80000 | selfplay 120s train 5s (0.80 g/s) | elapsed 2:09:38 ETA 4:55:25
[iter 62/200] self-play 96 games @ 100 sims ...
[iter  62/200] loss 2.783 (p 2.681 v 0.101) | games 96 pos 12304 buf 80000 | selfplay 131s train 5s (0.73 g/s) | elapsed 2:11:54 ETA 4:53:36
[iter 63/200] self-play 96 games @ 100 sims ...
[iter  63/200] loss 2.768 (p 2.667 v 0.100) | games 96 pos 12182 buf 80000 | selfplay 130s train 5s (0.74 g/s) | elapsed 2:14:10 ETA 4:51:46
[iter 64/200] self-play 96 games @ 100 sims ...
[iter  64/200] loss 2.770 (p 2.663 v 0.106) | games 96 pos 11238 buf 80000 | selfplay 127s train 5s (0.76 g/s) | elapsed 2:16:22 ETA 4:49:48
[iter 65/200] self-play 96 games @ 100 sims ...
[iter  65/200] loss 2.771 (p 2.662 v 0.109) | games 96 pos 11975 buf 80000 | selfplay 127s train 5s (0.75 g/s) | elapsed 2:18:35 ETA 4:47:50
[iter 66/200] self-play 96 games @ 100 sims ...
[iter  66/200] loss 2.758 (p 2.650 v 0.108) | games 96 pos 12188 buf 80000 | selfplay 126s train 5s (0.76 g/s) | elapsed 2:20:46 ETA 4:45:49
[iter 67/200] self-play 96 games @ 100 sims ...
[iter  67/200] loss 2.750 (p 2.643 v 0.107) | games 96 pos 11653 buf 80000 | selfplay 125s train 5s (0.77 g/s) | elapsed 2:22:57 ETA 4:43:46
[iter 68/200] self-play 96 games @ 100 sims ...
[iter  68/200] loss 2.760 (p 2.639 v 0.120) | games 96 pos 11854 buf 80000 | selfplay 122s train 5s (0.78 g/s) | elapsed 2:25:04 ETA 4:41:37
[iter 69/200] self-play 96 games @ 100 sims ...
[iter  69/200] loss 2.750 (p 2.635 v 0.115) | games 96 pos 11431 buf 80000 | selfplay 121s train 5s (0.79 g/s) | elapsed 2:27:10 ETA 4:39:25
[iter 70/200] self-play 96 games @ 100 sims ...
[iter  70/200] loss 2.742 (p 2.633 v 0.109) | games 96 pos 12314 buf 80000 | selfplay 128s train 5s (0.75 g/s) | elapsed 2:29:23 ETA 4:37:27
[iter 71/200] self-play 96 games @ 100 sims ...
[iter  71/200] loss 2.729 (p 2.614 v 0.115) | games 96 pos 11842 buf 80000 | selfplay 122s train 5s (0.79 g/s) | elapsed 2:31:31 ETA 4:35:17
[iter 72/200] self-play 96 games @ 100 sims ...
[iter  72/200] loss 2.701 (p 2.603 v 0.098) | games 96 pos 13464 buf 80000 | selfplay 127s train 5s (0.75 g/s) | elapsed 2:33:43 ETA 4:33:17
[iter 73/200] self-play 96 games @ 100 sims ...
[iter  73/200] loss 2.717 (p 2.604 v 0.113) | games 96 pos 11685 buf 80000 | selfplay 124s train 5s (0.78 g/s) | elapsed 2:35:52 ETA 4:31:10
[iter 74/200] self-play 96 games @ 100 sims ...
[iter  74/200] loss 2.690 (p 2.587 v 0.103) | games 96 pos 12480 buf 80000 | selfplay 124s train 5s (0.77 g/s) | elapsed 2:38:01 ETA 4:29:04
[iter 75/200] self-play 96 games @ 100 sims ...
[iter  75/200] loss 2.681 (p 2.573 v 0.108) | games 96 pos 11542 buf 80000 | selfplay 122s train 5s (0.79 g/s) | elapsed 2:40:09 ETA 4:26:55
[iter 76/200] self-play 96 games @ 100 sims ...
[iter  76/200] loss 2.684 (p 2.576 v 0.108) | games 96 pos 11932 buf 80000 | selfplay 121s train 5s (0.79 g/s) | elapsed 2:42:15 ETA 4:24:43
[iter 77/200] self-play 96 games @ 100 sims ...
[iter  77/200] loss 2.675 (p 2.572 v 0.103) | games 96 pos 11600 buf 80000 | selfplay 129s train 5s (0.74 g/s) | elapsed 2:44:29 ETA 4:22:45
[iter 78/200] self-play 96 games @ 100 sims ...
[iter  78/200] loss 2.667 (p 2.567 v 0.100) | games 96 pos 11818 buf 80000 | selfplay 122s train 5s (0.78 g/s) | elapsed 2:46:36 ETA 4:20:36
[iter 79/200] self-play 96 games @ 100 sims ...
[iter  79/200] loss 2.677 (p 2.573 v 0.104) | games 96 pos 12035 buf 80000 | selfplay 122s train 5s (0.79 g/s) | elapsed 2:48:44 ETA 4:18:26
[iter 80/200] self-play 96 games @ 100 sims ...
[iter  80/200] loss 2.680 (p 2.577 v 0.103) | games 96 pos 12435 buf 80000 | selfplay 125s train 5s (0.77 g/s) | elapsed 2:50:54 ETA 4:16:21
[iter 81/200] self-play 96 games @ 100 sims ...
[iter  81/200] loss 2.669 (p 2.571 v 0.098) | games 96 pos 11990 buf 80000 | selfplay 121s train 5s (0.80 g/s) | elapsed 2:52:59 ETA 4:14:09
[iter 82/200] self-play 96 games @ 100 sims ...
[iter  82/200] loss 2.683 (p 2.573 v 0.110) | games 96 pos 10779 buf 80000 | selfplay 113s train 5s (0.85 g/s) | elapsed 2:54:57 ETA 4:11:46
[iter 83/200] self-play 96 games @ 100 sims ...
[iter  83/200] loss 2.682 (p 2.575 v 0.107) | games 96 pos 11437 buf 80000 | selfplay 120s train 5s (0.80 g/s) | elapsed 2:57:02 ETA 4:09:33
[iter 84/200] self-play 96 games @ 100 sims ...
[iter  84/200] loss 2.682 (p 2.576 v 0.106) | games 96 pos 11595 buf 80000 | selfplay 118s train 5s (0.81 g/s) | elapsed 2:59:05 ETA 4:07:19
[iter 85/200] self-play 96 games @ 100 sims ...
[iter  85/200] loss 2.695 (p 2.581 v 0.114) | games 96 pos 12656 buf 80000 | selfplay 127s train 5s (0.76 g/s) | elapsed 3:01:17 ETA 4:05:17
[iter 86/200] self-play 96 games @ 100 sims ...
[iter  86/200] loss 2.685 (p 2.574 v 0.111) | games 96 pos 11357 buf 80000 | selfplay 125s train 5s (0.77 g/s) | elapsed 3:03:27 ETA 4:03:11
[iter 87/200] self-play 96 games @ 100 sims ...
[iter  87/200] loss 2.669 (p 2.561 v 0.108) | games 96 pos 12313 buf 80000 | selfplay 134s train 5s (0.71 g/s) | elapsed 3:05:47 ETA 4:01:18
[iter 88/200] self-play 96 games @ 100 sims ...
[iter  88/200] loss 2.658 (p 2.559 v 0.099) | games 96 pos 11987 buf 80000 | selfplay 121s train 5s (0.79 g/s) | elapsed 3:07:53 ETA 3:59:08
[iter 89/200] self-play 96 games @ 100 sims ...
[iter  89/200] loss 2.641 (p 2.547 v 0.094) | games 96 pos 12668 buf 80000 | selfplay 130s train 5s (0.74 g/s) | elapsed 3:10:08 ETA 3:57:08
[iter 90/200] self-play 96 games @ 100 sims ...
[iter  90/200] loss 2.645 (p 2.541 v 0.104) | games 96 pos 11658 buf 80000 | selfplay 121s train 5s (0.79 g/s) | elapsed 3:12:14 ETA 3:54:58
[iter 91/200] self-play 96 games @ 100 sims ...
[iter  91/200] loss 2.630 (p 2.538 v 0.092) | games 96 pos 12388 buf 80000 | selfplay 129s train 5s (0.75 g/s) | elapsed 3:14:28 ETA 3:52:56
[iter 92/200] self-play 96 games @ 100 sims ...
[iter  92/200] loss 2.618 (p 2.531 v 0.087) | games 96 pos 12946 buf 80000 | selfplay 124s train 5s (0.77 g/s) | elapsed 3:16:38 ETA 3:50:49
[iter 93/200] self-play 96 games @ 100 sims ...
[iter  93/200] loss 2.616 (p 2.528 v 0.087) | games 96 pos 12790 buf 80000 | selfplay 128s train 5s (0.75 g/s) | elapsed 3:18:51 ETA 3:48:47
[iter 94/200] self-play 96 games @ 100 sims ...
[iter  94/200] loss 2.623 (p 2.527 v 0.097) | games 96 pos 12802 buf 80000 | selfplay 130s train 5s (0.74 g/s) | elapsed 3:21:06 ETA 3:46:47
[iter 95/200] self-play 96 games @ 100 sims ...
[iter  95/200] loss 2.631 (p 2.530 v 0.100) | games 96 pos 12444 buf 80000 | selfplay 123s train 5s (0.78 g/s) | elapsed 3:23:14 ETA 3:44:38
[iter 96/200] self-play 96 games @ 100 sims ...
[iter  96/200] loss 2.622 (p 2.529 v 0.092) | games 96 pos 12629 buf 80000 | selfplay 126s train 5s (0.76 g/s) | elapsed 3:25:26 ETA 3:42:33
[iter 97/200] self-play 96 games @ 100 sims ...
[iter  97/200] loss 2.622 (p 2.521 v 0.101) | games 96 pos 12555 buf 80000 | selfplay 125s train 5s (0.77 g/s) | elapsed 3:27:36 ETA 3:40:26
[iter 98/200] self-play 96 games @ 100 sims ...
[iter  98/200] loss 2.631 (p 2.528 v 0.103) | games 96 pos 12175 buf 80000 | selfplay 125s train 5s (0.77 g/s) | elapsed 3:29:46 ETA 3:38:19
[iter 99/200] self-play 96 games @ 100 sims ...
[iter  99/200] loss 2.621 (p 2.527 v 0.094) | games 96 pos 11563 buf 80000 | selfplay 122s train 5s (0.79 g/s) | elapsed 3:31:53 ETA 3:36:10
[iter 100/200] self-play 96 games @ 100 sims ...
[iter 100/200] loss 2.631 (p 2.530 v 0.101) | games 96 pos 11976 buf 80000 | selfplay 122s train 5s (0.79 g/s) | elapsed 3:34:00 ETA 3:34:00
[iter 101/200] self-play 96 games @ 100 sims ...
[iter 101/200] loss 2.625 (p 2.526 v 0.099) | games 96 pos 11803 buf 80000 | selfplay 135s train 5s (0.71 g/s) | elapsed 3:36:21 ETA 3:32:04
[iter 102/200] self-play 96 games @ 100 sims ...
[iter 102/200] loss 2.623 (p 2.524 v 0.099) | games 96 pos 11502 buf 80000 | selfplay 133s train 5s (0.72 g/s) | elapsed 3:38:39 ETA 3:30:05
[iter 103/200] self-play 96 games @ 100 sims ...
[iter 103/200] loss 2.616 (p 2.512 v 0.105) | games 96 pos 13430 buf 80000 | selfplay 148s train 5s (0.65 g/s) | elapsed 3:41:12 ETA 3:28:19
[iter 104/200] self-play 96 games @ 100 sims ...
[iter 104/200] loss 2.613 (p 2.502 v 0.111) | games 96 pos 12989 buf 80000 | selfplay 145s train 5s (0.66 g/s) | elapsed 3:43:42 ETA 3:26:30
[iter 105/200] self-play 96 games @ 100 sims ...
[iter 105/200] loss 2.599 (p 2.487 v 0.113) | games 96 pos 12919 buf 80000 | selfplay 152s train 5s (0.63 g/s) | elapsed 3:46:20 ETA 3:24:47
[iter 106/200] self-play 96 games @ 100 sims ...
[iter 106/200] loss 2.573 (p 2.473 v 0.101) | games 96 pos 12770 buf 80000 | selfplay 146s train 5s (0.66 g/s) | elapsed 3:48:51 ETA 3:22:57
[iter 107/200] self-play 96 games @ 100 sims ...
[iter 107/200] loss 2.551 (p 2.453 v 0.098) | games 96 pos 12304 buf 80000 | selfplay 141s train 5s (0.68 g/s) | elapsed 3:51:18 ETA 3:21:02
[iter 108/200] self-play 96 games @ 100 sims ...
[iter 108/200] loss 2.525 (p 2.430 v 0.095) | games 96 pos 11728 buf 80000 | selfplay 142s train 5s (0.68 g/s) | elapsed 3:53:45 ETA 3:19:07
[iter 109/200] self-play 96 games @ 100 sims ...
[iter 109/200] loss 2.538 (p 2.433 v 0.105) | games 96 pos 11564 buf 80000 | selfplay 131s train 5s (0.73 g/s) | elapsed 3:56:01 ETA 3:17:03
[iter 110/200] self-play 96 games @ 100 sims ...
[iter 110/200] loss 2.548 (p 2.440 v 0.108) | games 96 pos 11860 buf 80000 | selfplay 137s train 5s (0.70 g/s) | elapsed 3:58:24 ETA 3:15:03
[iter 111/200] self-play 96 games @ 100 sims ...
[iter 111/200] loss 2.538 (p 2.437 v 0.101) | games 96 pos 12747 buf 80000 | selfplay 143s train 5s (0.67 g/s) | elapsed 4:00:52 ETA 3:13:07
[iter 112/200] self-play 96 games @ 100 sims ...
[iter 112/200] loss 2.528 (p 2.427 v 0.101) | games 96 pos 12451 buf 80000 | selfplay 139s train 5s (0.69 g/s) | elapsed 4:03:16 ETA 3:11:08
[iter 113/200] self-play 96 games @ 100 sims ...
[iter 113/200] loss 2.528 (p 2.424 v 0.103) | games 96 pos 11183 buf 80000 | selfplay 118s train 5s (0.82 g/s) | elapsed 4:05:18 ETA 3:08:52
[iter 114/200] self-play 96 games @ 100 sims ...
[iter 114/200] loss 2.534 (p 2.427 v 0.107) | games 96 pos 10856 buf 80000 | selfplay 118s train 5s (0.81 g/s) | elapsed 4:07:21 ETA 3:06:36
[iter 115/200] self-play 96 games @ 100 sims ...
[iter 115/200] loss 2.531 (p 2.429 v 0.102) | games 96 pos 12678 buf 80000 | selfplay 127s train 5s (0.76 g/s) | elapsed 4:09:33 ETA 3:04:27
[iter 116/200] self-play 96 games @ 100 sims ...
[iter 116/200] loss 2.522 (p 2.423 v 0.099) | games 96 pos 11874 buf 80000 | selfplay 120s train 5s (0.80 g/s) | elapsed 4:11:38 ETA 3:02:13
[iter 117/200] self-play 96 games @ 100 sims ...
[iter 117/200] loss 2.513 (p 2.421 v 0.093) | games 96 pos 12694 buf 80000 | selfplay 126s train 5s (0.76 g/s) | elapsed 4:13:49 ETA 3:00:04
[iter 118/200] self-play 96 games @ 100 sims ...
[iter 118/200] loss 2.513 (p 2.420 v 0.093) | games 96 pos 11951 buf 80000 | selfplay 124s train 5s (0.77 g/s) | elapsed 4:15:59 ETA 2:57:53
[iter 119/200] self-play 96 games @ 100 sims ...
[iter 119/200] loss 2.528 (p 2.425 v 0.102) | games 96 pos 11427 buf 80000 | selfplay 120s train 5s (0.80 g/s) | elapsed 4:18:03 ETA 2:55:39
[iter 120/200] self-play 96 games @ 100 sims ...
[iter 120/200] loss 2.523 (p 2.425 v 0.099) | games 96 pos 11806 buf 80000 | selfplay 122s train 5s (0.78 g/s) | elapsed 4:20:11 ETA 2:53:27
[iter 121/200] self-play 96 games @ 100 sims ...
[iter 121/200] loss 2.515 (p 2.421 v 0.094) | games 96 pos 11787 buf 80000 | selfplay 124s train 5s (0.77 g/s) | elapsed 4:22:20 ETA 2:51:16
[iter 122/200] self-play 96 games @ 100 sims ...
[iter 122/200] loss 2.524 (p 2.427 v 0.098) | games 96 pos 12432 buf 80000 | selfplay 124s train 5s (0.77 g/s) | elapsed 4:24:29 ETA 2:49:06
[iter 123/200] self-play 96 games @ 100 sims ...
[iter 123/200] loss 2.537 (p 2.431 v 0.106) | games 96 pos 12862 buf 80000 | selfplay 130s train 5s (0.74 g/s) | elapsed 4:26:45 ETA 2:46:59
[iter 124/200] self-play 96 games @ 100 sims ...
[iter 124/200] loss 2.522 (p 2.431 v 0.091) | games 96 pos 12837 buf 80000 | selfplay 134s train 6s (0.72 g/s) | elapsed 4:29:04 ETA 2:44:55
[iter 125/200] self-play 96 games @ 100 sims ...
[iter 125/200] loss 2.519 (p 2.425 v 0.093) | games 96 pos 12266 buf 80000 | selfplay 134s train 5s (0.71 g/s) | elapsed 4:31:24 ETA 2:42:50
[iter 126/200] self-play 96 games @ 100 sims ...
[iter 126/200] loss 2.519 (p 2.418 v 0.101) | games 96 pos 11897 buf 80000 | selfplay 132s train 5s (0.73 g/s) | elapsed 4:33:41 ETA 2:40:44
[iter 127/200] self-play 96 games @ 100 sims ...
[iter 127/200] loss 2.514 (p 2.414 v 0.100) | games 96 pos 11083 buf 80000 | selfplay 126s train 5s (0.76 g/s) | elapsed 4:35:52 ETA 2:38:34
[iter 128/200] self-play 96 games @ 100 sims ...
[iter 128/200] loss 2.517 (p 2.411 v 0.106) | games 96 pos 12474 buf 80000 | selfplay 127s train 5s (0.75 g/s) | elapsed 4:38:05 ETA 2:36:25
[iter 129/200] self-play 96 games @ 100 sims ...
[iter 129/200] loss 2.505 (p 2.410 v 0.095) | games 96 pos 12639 buf 80000 | selfplay 132s train 5s (0.72 g/s) | elapsed 4:40:23 ETA 2:34:19
[iter 130/200] self-play 96 games @ 100 sims ...
[iter 130/200] loss 2.528 (p 2.419 v 0.108) | games 96 pos 11847 buf 80000 | selfplay 129s train 5s (0.74 g/s) | elapsed 4:42:37 ETA 2:32:11
[iter 131/200] self-play 96 games @ 100 sims ...
[iter 131/200] loss 2.545 (p 2.434 v 0.111) | games 96 pos 11748 buf 80000 | selfplay 130s train 5s (0.73 g/s) | elapsed 4:44:53 ETA 2:30:03
[iter 132/200] self-play 96 games @ 100 sims ...
[iter 132/200] loss 2.554 (p 2.442 v 0.113) | games 96 pos 12220 buf 80000 | selfplay 127s train 5s (0.76 g/s) | elapsed 4:47:06 ETA 2:27:54
[iter 133/200] self-play 96 games @ 100 sims ...
[iter 133/200] loss 2.547 (p 2.443 v 0.104) | games 96 pos 12543 buf 80000 | selfplay 127s train 5s (0.76 g/s) | elapsed 4:49:18 ETA 2:25:44
[iter 134/200] self-play 96 games @ 100 sims ...
[iter 134/200] loss 2.553 (p 2.448 v 0.105) | games 96 pos 12365 buf 80000 | selfplay 128s train 5s (0.75 g/s) | elapsed 4:51:32 ETA 2:23:35
[iter 135/200] self-play 96 games @ 100 sims ...
[iter 135/200] loss 2.568 (p 2.457 v 0.112) | games 96 pos 12483 buf 80000 | selfplay 132s train 5s (0.73 g/s) | elapsed 4:53:49 ETA 2:21:28
[iter 136/200] self-play 96 games @ 100 sims ...
[iter 136/200] loss 2.561 (p 2.453 v 0.109) | games 96 pos 12836 buf 80000 | selfplay 140s train 5s (0.69 g/s) | elapsed 4:56:14 ETA 2:19:24
[iter 137/200] self-play 96 games @ 100 sims ...
[iter 137/200] loss 2.527 (p 2.432 v 0.095) | games 96 pos 12343 buf 80000 | selfplay 132s train 5s (0.73 g/s) | elapsed 4:58:31 ETA 2:17:16
[iter 138/200] self-play 96 games @ 100 sims ...
[iter 138/200] loss 2.523 (p 2.418 v 0.105) | games 96 pos 12484 buf 80000 | selfplay 132s train 5s (0.73 g/s) | elapsed 5:00:48 ETA 2:15:08
[iter 139/200] self-play 96 games @ 100 sims ...
[iter 139/200] loss 2.531 (p 2.421 v 0.110) | games 96 pos 12159 buf 80000 | selfplay 126s train 5s (0.76 g/s) | elapsed 5:02:59 ETA 2:12:58
[iter 140/200] self-play 96 games @ 100 sims ...
[iter 140/200] loss 2.526 (p 2.425 v 0.101) | games 96 pos 13028 buf 80000 | selfplay 134s train 5s (0.71 g/s) | elapsed 5:05:19 ETA 2:10:51
[iter 141/200] self-play 96 games @ 100 sims ...
[iter 141/200] loss 2.518 (p 2.416 v 0.103) | games 96 pos 12197 buf 80000 | selfplay 128s train 5s (0.75 g/s) | elapsed 5:07:33 ETA 2:08:41
[iter 142/200] self-play 96 games @ 100 sims ...
[iter 142/200] loss 2.510 (p 2.408 v 0.102) | games 96 pos 12615 buf 80000 | selfplay 130s train 5s (0.74 g/s) | elapsed 5:09:48 ETA 2:06:32
[iter 143/200] self-play 96 games @ 100 sims ...
[iter 143/200] loss 2.497 (p 2.398 v 0.099) | games 96 pos 12932 buf 80000 | selfplay 133s train 5s (0.72 g/s) | elapsed 5:12:06 ETA 2:04:24
[iter 144/200] self-play 96 games @ 100 sims ...
[iter 144/200] loss 2.484 (p 2.392 v 0.092) | games 96 pos 12270 buf 80000 | selfplay 131s train 5s (0.73 g/s) | elapsed 5:14:22 ETA 2:02:15
[iter 145/200] self-play 96 games @ 100 sims ...
[iter 145/200] loss 2.490 (p 2.391 v 0.099) | games 96 pos 11795 buf 80000 | selfplay 129s train 5s (0.74 g/s) | elapsed 5:16:36 ETA 2:00:05
[iter 146/200] self-play 96 games @ 100 sims ...
[iter 146/200] loss 2.505 (p 2.402 v 0.103) | games 96 pos 11169 buf 80000 | selfplay 124s train 5s (0.78 g/s) | elapsed 5:18:45 ETA 1:57:53
[iter 147/200] self-play 96 games @ 100 sims ...
[iter 147/200] loss 2.516 (p 2.412 v 0.104) | games 96 pos 13231 buf 80000 | selfplay 130s train 5s (0.74 g/s) | elapsed 5:21:01 ETA 1:55:44
[iter 148/200] self-play 96 games @ 100 sims ...
[iter 148/200] loss 2.536 (p 2.428 v 0.108) | games 96 pos 12772 buf 80000 | selfplay 130s train 5s (0.74 g/s) | elapsed 5:23:16 ETA 1:53:35
[iter 149/200] self-play 96 games @ 100 sims ...
[iter 149/200] loss 2.539 (p 2.439 v 0.100) | games 96 pos 12268 buf 80000 | selfplay 135s train 5s (0.71 g/s) | elapsed 5:25:37 ETA 1:51:27
[iter 150/200] self-play 96 games @ 100 sims ...
[iter 150/200] loss 2.537 (p 2.439 v 0.098) | games 96 pos 12474 buf 80000 | selfplay 129s train 5s (0.75 g/s) | elapsed 5:27:51 ETA 1:49:17
[iter 151/200] self-play 96 games @ 100 sims ...
[iter 151/200] loss 2.534 (p 2.436 v 0.099) | games 96 pos 13028 buf 80000 | selfplay 135s train 5s (0.71 g/s) | elapsed 5:30:12 ETA 1:47:09
[iter 152/200] self-play 96 games @ 100 sims ...
[iter 152/200] loss 2.516 (p 2.427 v 0.089) | games 96 pos 12115 buf 80000 | selfplay 141s train 5s (0.68 g/s) | elapsed 5:32:38 ETA 1:45:02
[iter 153/200] self-play 96 games @ 100 sims ...
[iter 153/200] loss 2.510 (p 2.422 v 0.088) | games 96 pos 11579 buf 80000 | selfplay 145s train 5s (0.66 g/s) | elapsed 5:35:09 ETA 1:42:57
[iter 154/200] self-play 96 games @ 100 sims ...
[iter 154/200] loss 2.515 (p 2.421 v 0.094) | games 96 pos 12538 buf 80000 | selfplay 160s train 6s (0.60 g/s) | elapsed 5:37:54 ETA 1:40:55
[iter 155/200] self-play 96 games @ 100 sims ...
[iter 155/200] loss 2.504 (p 2.416 v 0.088) | games 96 pos 12095 buf 80000 | selfplay 147s train 5s (0.65 g/s) | elapsed 5:40:26 ETA 1:38:50
[iter 156/200] self-play 96 games @ 100 sims ...
[iter 156/200] loss 2.523 (p 2.424 v 0.099) | games 96 pos 11520 buf 80000 | selfplay 144s train 6s (0.67 g/s) | elapsed 5:42:56 ETA 1:36:43
[iter 157/200] self-play 96 games @ 100 sims ...
[iter 157/200] loss 2.535 (p 2.432 v 0.103) | games 96 pos 11462 buf 80000 | selfplay 142s train 5s (0.68 g/s) | elapsed 5:45:23 ETA 1:34:35
[iter 158/200] self-play 96 games @ 100 sims ...
[iter 158/200] loss 2.551 (p 2.442 v 0.109) | games 96 pos 10836 buf 80000 | selfplay 133s train 5s (0.72 g/s) | elapsed 5:47:42 ETA 1:32:25
[iter 159/200] self-play 96 games @ 100 sims ...
[iter 159/200] loss 2.552 (p 2.440 v 0.112) | games 96 pos 11702 buf 80000 | selfplay 147s train 6s (0.65 g/s) | elapsed 5:50:14 ETA 1:30:18
[iter 160/200] self-play 96 games @ 100 sims ...
[iter 160/200] loss 2.550 (p 2.435 v 0.115) | games 96 pos 11242 buf 80000 | selfplay 136s train 5s (0.70 g/s) | elapsed 5:52:36 ETA 1:28:09
[iter 161/200] self-play 96 games @ 100 sims ...
[iter 161/200] loss 2.540 (p 2.437 v 0.103) | games 96 pos 12984 buf 80000 | selfplay 139s train 5s (0.69 g/s) | elapsed 5:55:00 ETA 1:25:59
[iter 162/200] self-play 96 games @ 100 sims ...
[iter 162/200] loss 2.532 (p 2.433 v 0.099) | games 96 pos 11850 buf 80000 | selfplay 126s train 5s (0.76 g/s) | elapsed 5:57:12 ETA 1:23:47
[iter 163/200] self-play 96 games @ 100 sims ...
[iter 163/200] loss 2.525 (p 2.421 v 0.104) | games 96 pos 11680 buf 80000 | selfplay 128s train 5s (0.75 g/s) | elapsed 5:59:25 ETA 1:21:35
[iter 164/200] self-play 96 games @ 100 sims ...
[iter 164/200] loss 2.510 (p 2.408 v 0.102) | games 96 pos 12601 buf 80000 | selfplay 130s train 5s (0.74 g/s) | elapsed 6:01:41 ETA 1:19:23
[iter 165/200] self-play 96 games @ 100 sims ...
[iter 165/200] loss 2.494 (p 2.391 v 0.103) | games 96 pos 11953 buf 80000 | selfplay 124s train 5s (0.78 g/s) | elapsed 6:03:49 ETA 1:17:10
[iter 166/200] self-play 96 games @ 100 sims ...
[iter 166/200] loss 2.477 (p 2.378 v 0.099) | games 96 pos 12246 buf 80000 | selfplay 125s train 5s (0.77 g/s) | elapsed 6:06:00 ETA 1:14:57
[iter 167/200] self-play 96 games @ 100 sims ...
[iter 167/200] loss 2.470 (p 2.377 v 0.094) | games 96 pos 11615 buf 80000 | selfplay 119s train 5s (0.81 g/s) | elapsed 6:08:04 ETA 1:12:43
[iter 168/200] self-play 96 games @ 100 sims ...
[iter 168/200] loss 2.477 (p 2.380 v 0.097) | games 96 pos 11895 buf 80000 | selfplay 121s train 5s (0.79 g/s) | elapsed 6:10:10 ETA 1:10:30
[iter 169/200] self-play 96 games @ 100 sims ...
[iter 169/200] loss 2.481 (p 2.380 v 0.100) | games 96 pos 12588 buf 80000 | selfplay 126s train 5s (0.76 g/s) | elapsed 6:12:22 ETA 1:08:18
[iter 170/200] self-play 96 games @ 100 sims ...
[iter 170/200] loss 2.494 (p 2.391 v 0.103) | games 96 pos 12117 buf 80000 | selfplay 126s train 5s (0.76 g/s) | elapsed 6:14:33 ETA 1:06:05
[iter 171/200] self-play 96 games @ 100 sims ...
[iter 171/200] loss 2.497 (p 2.397 v 0.100) | games 96 pos 13010 buf 80000 | selfplay 126s train 5s (0.76 g/s) | elapsed 6:16:44 ETA 1:03:53
[iter 172/200] self-play 96 games @ 100 sims ...
[iter 172/200] loss 2.501 (p 2.406 v 0.095) | games 96 pos 12124 buf 80000 | selfplay 124s train 5s (0.78 g/s) | elapsed 6:18:52 ETA 1:01:40
[iter 173/200] self-play 96 games @ 100 sims ...
[iter 173/200] loss 2.508 (p 2.412 v 0.096) | games 96 pos 10410 buf 80000 | selfplay 115s train 5s (0.83 g/s) | elapsed 6:20:53 ETA 0:59:26
[iter 174/200] self-play 96 games @ 100 sims ...
[iter 174/200] loss 2.511 (p 2.405 v 0.106) | games 96 pos 12356 buf 80000 | selfplay 130s train 6s (0.74 g/s) | elapsed 6:23:08 ETA 0:57:15
[iter 175/200] self-play 96 games @ 100 sims ...
[iter 175/200] loss 2.512 (p 2.410 v 0.102) | games 96 pos 12653 buf 80000 | selfplay 133s train 5s (0.72 g/s) | elapsed 6:25:27 ETA 0:55:03
[iter 176/200] self-play 96 games @ 100 sims ...
[iter 176/200] loss 2.498 (p 2.396 v 0.102) | games 96 pos 12012 buf 80000 | selfplay 126s train 5s (0.76 g/s) | elapsed 6:27:38 ETA 0:52:51
[iter 177/200] self-play 96 games @ 100 sims ...
[iter 177/200] loss 2.487 (p 2.394 v 0.093) | games 96 pos 12250 buf 80000 | selfplay 130s train 5s (0.74 g/s) | elapsed 6:29:54 ETA 0:50:39
[iter 178/200] self-play 96 games @ 100 sims ...
[iter 178/200] loss 2.498 (p 2.397 v 0.101) | games 96 pos 11606 buf 80000 | selfplay 129s train 5s (0.74 g/s) | elapsed 6:32:08 ETA 0:48:28
[iter 179/200] self-play 96 games @ 100 sims ...
[iter 179/200] loss 2.506 (p 2.399 v 0.108) | games 96 pos 11662 buf 80000 | selfplay 128s train 5s (0.75 g/s) | elapsed 6:34:21 ETA 0:46:15
[iter 180/200] self-play 96 games @ 100 sims ...
[iter 180/200] loss 2.493 (p 2.392 v 0.101) | games 96 pos 12137 buf 80000 | selfplay 126s train 5s (0.76 g/s) | elapsed 6:36:33 ETA 0:44:03
[iter 181/200] self-play 96 games @ 100 sims ...
[iter 181/200] loss 2.483 (p 2.386 v 0.096) | games 96 pos 12639 buf 80000 | selfplay 133s train 5s (0.72 g/s) | elapsed 6:38:51 ETA 0:41:52
[iter 182/200] self-play 96 games @ 100 sims ...
[iter 182/200] loss 2.494 (p 2.384 v 0.110) | games 96 pos 12220 buf 80000 | selfplay 130s train 5s (0.74 g/s) | elapsed 6:41:06 ETA 0:39:40
[iter 183/200] self-play 96 games @ 100 sims ...
[iter 183/200] loss 2.491 (p 2.381 v 0.110) | games 96 pos 13421 buf 80000 | selfplay 137s train 5s (0.70 g/s) | elapsed 6:43:29 ETA 0:37:28
[iter 184/200] self-play 96 games @ 100 sims ...
[iter 184/200] loss 2.489 (p 2.377 v 0.112) | games 96 pos 11777 buf 80000 | selfplay 127s train 5s (0.76 g/s) | elapsed 6:45:41 ETA 0:35:16
[iter 185/200] self-play 96 games @ 100 sims ...
[iter 185/200] loss 2.477 (p 2.371 v 0.106) | games 96 pos 11919 buf 80000 | selfplay 127s train 5s (0.76 g/s) | elapsed 6:47:53 ETA 0:33:04
[iter 186/200] self-play 96 games @ 100 sims ...
[iter 186/200] loss 2.478 (p 2.367 v 0.111) | games 96 pos 12077 buf 80000 | selfplay 135s train 5s (0.71 g/s) | elapsed 6:50:13 ETA 0:30:52
[iter 187/200] self-play 96 games @ 100 sims ...
[iter 187/200] loss 2.478 (p 2.361 v 0.117) | games 96 pos 12100 buf 80000 | selfplay 132s train 5s (0.73 g/s) | elapsed 6:52:31 ETA 0:28:40
[iter 188/200] self-play 96 games @ 100 sims ...
[iter 188/200] loss 2.472 (p 2.365 v 0.107) | games 96 pos 13338 buf 80000 | selfplay 136s train 5s (0.71 g/s) | elapsed 6:54:52 ETA 0:26:28
[iter 189/200] self-play 96 games @ 100 sims ...
[iter 189/200] loss 2.458 (p 2.350 v 0.108) | games 96 pos 12946 buf 80000 | selfplay 125s train 5s (0.77 g/s) | elapsed 6:57:02 ETA 0:24:16
[iter 190/200] self-play 96 games @ 100 sims ...
[iter 190/200] loss 2.450 (p 2.349 v 0.102) | games 96 pos 12755 buf 80000 | selfplay 124s train 5s (0.77 g/s) | elapsed 6:59:11 ETA 0:22:03
[iter 191/200] self-play 96 games @ 100 sims ...
[iter 191/200] loss 2.438 (p 2.343 v 0.095) | games 96 pos 12956 buf 80000 | selfplay 132s train 5s (0.73 g/s) | elapsed 7:01:28 ETA 0:19:51
[iter 192/200] self-play 96 games @ 100 sims ...
[iter 192/200] loss 2.446 (p 2.348 v 0.099) | games 96 pos 12445 buf 80000 | selfplay 131s train 5s (0.73 g/s) | elapsed 7:03:45 ETA 0:17:39
[iter 193/200] self-play 96 games @ 100 sims ...
[iter 193/200] loss 2.456 (p 2.353 v 0.104) | games 96 pos 11541 buf 80000 | selfplay 121s train 5s (0.79 g/s) | elapsed 7:05:51 ETA 0:15:26
[iter 194/200] self-play 96 games @ 100 sims ...
[iter 194/200] loss 2.477 (p 2.372 v 0.104) | games 96 pos 11207 buf 80000 | selfplay 122s train 5s (0.79 g/s) | elapsed 7:07:58 ETA 0:13:14
[iter 195/200] self-play 96 games @ 100 sims ...
[iter 195/200] loss 2.494 (p 2.391 v 0.102) | games 96 pos 11493 buf 80000 | selfplay 121s train 5s (0.79 g/s) | elapsed 7:10:04 ETA 0:11:01
[iter 196/200] self-play 96 games @ 100 sims ...
[iter 196/200] loss 2.494 (p 2.397 v 0.097) | games 96 pos 12310 buf 80000 | selfplay 124s train 5s (0.77 g/s) | elapsed 7:12:13 ETA 0:08:49
[iter 197/200] self-play 96 games @ 100 sims ...
[iter 197/200] loss 2.506 (p 2.401 v 0.105) | games 96 pos 12208 buf 80000 | selfplay 123s train 5s (0.78 g/s) | elapsed 7:14:21 ETA 0:06:36
[iter 198/200] self-play 96 games @ 100 sims ...
[iter 198/200] loss 2.512 (p 2.407 v 0.105) | games 96 pos 12002 buf 80000 | selfplay 121s train 5s (0.79 g/s) | elapsed 7:16:27 ETA 0:04:24
[iter 199/200] self-play 96 games @ 100 sims ...
[iter 199/200] loss 2.510 (p 2.407 v 0.103) | games 96 pos 11582 buf 80000 | selfplay 120s train 5s (0.80 g/s) | elapsed 7:18:33 ETA 0:02:12
[iter 200/200] self-play 96 games @ 100 sims ...
[iter 200/200] loss 2.498 (p 2.399 v 0.099) | games 96 pos 12043 buf 80000 | selfplay 127s train 5s (0.76 g/s) | elapsed 7:20:45 ETA 0:00:00
[train] done — 200 iterations. checkpoints in runs/run_1/checkpoints
