[train] run 'run_0' -> runs/run_0
[train] device=cuda precision=bf16 net=128x6 sims=100 games/iter=96 parallel=16 iters=500 tensorboard=on
[train] 8 self-play worker processes
[iter 1/500] self-play 96 games @ 100 sims ...
[iter   1/500] loss 7.067 (p 6.568 v 0.500) | games 96 pos 12540 buf 12540 | selfplay 127s train 1s (0.76 g/s) | elapsed 0:02:07 ETA 17:42:56
[iter 2/500] self-play 96 games @ 100 sims ...
[iter   2/500] loss 4.670 (p 4.395 v 0.274) | games 96 pos 13758 buf 26298 | selfplay 127s train 1s (0.75 g/s) | elapsed 0:04:16 ETA 17:45:25
[iter 3/500] self-play 96 games @ 100 sims ...
[iter   3/500] loss 3.753 (p 3.617 v 0.136) | games 96 pos 10311 buf 36609 | selfplay 108s train 2s (0.89 g/s) | elapsed 0:06:07 ETA 16:53:23
[iter 4/500] self-play 96 games @ 100 sims ...
[iter   4/500] loss 3.574 (p 3.418 v 0.156) | games 96 pos 12860 buf 49469 | selfplay 123s train 3s (0.78 g/s) | elapsed 0:08:12 ETA 16:58:05
[iter 5/500] self-play 96 games @ 100 sims ...
[iter   5/500] loss 3.319 (p 3.221 v 0.098) | games 96 pos 12167 buf 61636 | selfplay 116s train 3s (0.83 g/s) | elapsed 0:10:11 ETA 16:49:29
[iter 6/500] self-play 96 games @ 100 sims ...
[iter   6/500] loss 3.210 (p 3.120 v 0.089) | games 96 pos 10554 buf 72190 | selfplay 106s train 4s (0.90 g/s) | elapsed 0:12:01 ETA 16:30:42
[iter 7/500] self-play 96 games @ 100 sims ...
[iter   7/500] loss 3.117 (p 3.036 v 0.081) | games 96 pos 11529 buf 80000 | selfplay 112s train 4s (0.86 g/s) | elapsed 0:13:58 ETA 16:24:06
[iter 8/500] self-play 96 games @ 100 sims ...
[iter   8/500] loss 2.987 (p 2.908 v 0.079) | games 96 pos 11163 buf 80000 | selfplay 110s train 4s (0.87 g/s) | elapsed 0:15:53 ETA 16:17:00
[iter 9/500] self-play 96 games @ 100 sims ...
[iter   9/500] loss 2.875 (p 2.797 v 0.077) | games 96 pos 11386 buf 80000 | selfplay 112s train 4s (0.85 g/s) | elapsed 0:17:50 ETA 16:13:00
[iter 10/500] self-play 96 games @ 100 sims ...
[iter  10/500] loss 2.848 (p 2.776 v 0.072) | games 96 pos 10298 buf 80000 | selfplay 108s train 4s (0.89 g/s) | elapsed 0:19:42 ETA 16:05:22
[iter 11/500] self-play 96 games @ 100 sims ...
[iter  11/500] loss 2.866 (p 2.794 v 0.072) | games 96 pos 11479 buf 80000 | selfplay 116s train 4s (0.83 g/s) | elapsed 0:21:42 ETA 16:05:15
[iter 12/500] self-play 96 games @ 100 sims ...
[iter  12/500] loss 2.889 (p 2.803 v 0.085) | games 96 pos 10822 buf 80000 | selfplay 110s train 4s (0.87 g/s) | elapsed 0:23:37 ETA 16:00:47
[iter 13/500] self-play 96 games @ 100 sims ...
[iter  13/500] loss 2.891 (p 2.799 v 0.093) | games 96 pos 12163 buf 80000 | selfplay 114s train 4s (0.84 g/s) | elapsed 0:25:35 ETA 15:58:53
[iter 14/500] self-play 96 games @ 100 sims ...
[iter  14/500] loss 2.869 (p 2.784 v 0.085) | games 96 pos 12220 buf 80000 | selfplay 123s train 4s (0.78 g/s) | elapsed 0:27:43 ETA 16:02:20
[iter 15/500] self-play 96 games @ 100 sims ...
[iter  15/500] loss 2.845 (p 2.759 v 0.085) | games 96 pos 11579 buf 80000 | selfplay 113s train 4s (0.85 g/s) | elapsed 0:29:40 ETA 15:59:41
[iter 16/500] self-play 96 games @ 100 sims ...
[iter  16/500] loss 2.850 (p 2.756 v 0.094) | games 96 pos 11892 buf 80000 | selfplay 118s train 5s (0.81 g/s) | elapsed 0:31:43 ETA 15:59:47
[iter 17/500] self-play 96 games @ 100 sims ...
[iter  17/500] loss 2.831 (p 2.732 v 0.099) | games 96 pos 12073 buf 80000 | selfplay 125s train 5s (0.77 g/s) | elapsed 0:33:53 ETA 16:03:02
[iter 18/500] self-play 96 games @ 100 sims ...
[iter  18/500] loss 2.813 (p 2.719 v 0.094) | games 96 pos 11192 buf 80000 | selfplay 119s train 5s (0.81 g/s) | elapsed 0:35:57 ETA 16:02:49
[iter 19/500] self-play 96 games @ 100 sims ...
[iter  19/500] loss 2.803 (p 2.712 v 0.091) | games 96 pos 11866 buf 80000 | selfplay 121s train 4s (0.79 g/s) | elapsed 0:38:02 ETA 16:03:11
[iter 20/500] self-play 96 games @ 100 sims ...
[iter  20/500] loss 2.798 (p 2.708 v 0.090) | games 96 pos 11521 buf 80000 | selfplay 122s train 5s (0.78 g/s) | elapsed 0:40:09 ETA 16:03:59
[iter 21/500] self-play 96 games @ 100 sims ...
[iter  21/500] loss 2.776 (p 2.699 v 0.077) | games 96 pos 12366 buf 80000 | selfplay 127s train 4s (0.76 g/s) | elapsed 0:42:21 ETA 16:06:11
[iter 22/500] self-play 96 games @ 100 sims ...
[iter  22/500] loss 2.782 (p 2.693 v 0.088) | games 96 pos 12205 buf 80000 | selfplay 117s train 5s (0.82 g/s) | elapsed 0:44:23 ETA 16:04:32
[iter 23/500] self-play 96 games @ 100 sims ...
[iter  23/500] loss 2.779 (p 2.685 v 0.093) | games 96 pos 11784 buf 80000 | selfplay 119s train 5s (0.81 g/s) | elapsed 0:46:26 ETA 16:03:17
[iter 24/500] self-play 96 games @ 100 sims ...
[iter  24/500] loss 2.777 (p 2.681 v 0.096) | games 96 pos 11639 buf 80000 | selfplay 116s train 4s (0.83 g/s) | elapsed 0:48:27 ETA 16:01:06
[iter 25/500] self-play 96 games @ 100 sims ...
[iter  25/500] loss 2.773 (p 2.674 v 0.099) | games 96 pos 12443 buf 80000 | selfplay 123s train 4s (0.78 g/s) | elapsed 0:50:34 ETA 16:01:03
[iter 26/500] self-play 96 games @ 100 sims ...
[iter  26/500] loss 2.770 (p 2.672 v 0.097) | games 96 pos 12559 buf 80000 | selfplay 118s train 4s (0.81 g/s) | elapsed 0:52:37 ETA 15:59:22
[iter 27/500] self-play 96 games @ 100 sims ...
[iter  27/500] loss 2.765 (p 2.671 v 0.094) | games 96 pos 12819 buf 80000 | selfplay 121s train 4s (0.80 g/s) | elapsed 0:54:42 ETA 15:58:26
[iter 28/500] self-play 96 games @ 100 sims ...
[iter  28/500] loss 2.749 (p 2.664 v 0.085) | games 96 pos 12623 buf 80000 | selfplay 121s train 4s (0.79 g/s) | elapsed 0:56:48 ETA 15:57:35
[iter 29/500] self-play 96 games @ 100 sims ...
[iter  29/500] loss 2.749 (p 2.655 v 0.095) | games 96 pos 12629 buf 80000 | selfplay 123s train 4s (0.78 g/s) | elapsed 0:58:55 ETA 15:57:03
[iter 30/500] self-play 96 games @ 100 sims ...
[iter  30/500] loss 2.727 (p 2.646 v 0.081) | games 96 pos 12358 buf 80000 | selfplay 117s train 4s (0.82 g/s) | elapsed 1:00:57 ETA 15:54:53
[iter 31/500] self-play 96 games @ 100 sims ...
[iter  31/500] loss 2.731 (p 2.642 v 0.090) | games 96 pos 11735 buf 80000 | selfplay 115s train 4s (0.84 g/s) | elapsed 1:02:56 ETA 15:52:07
[iter 32/500] self-play 96 games @ 100 sims ...
[iter  32/500] loss 2.731 (p 2.646 v 0.085) | games 96 pos 12638 buf 80000 | selfplay 120s train 4s (0.80 g/s) | elapsed 1:05:00 ETA 15:50:42
[iter 33/500] self-play 96 games @ 100 sims ...
[iter  33/500] loss 2.737 (p 2.652 v 0.085) | games 96 pos 12946 buf 80000 | selfplay 120s train 4s (0.80 g/s) | elapsed 1:07:04 ETA 15:49:13
[iter 34/500] self-play 96 games @ 100 sims ...
[iter  34/500] loss 2.730 (p 2.647 v 0.083) | games 96 pos 12939 buf 80000 | selfplay 119s train 4s (0.80 g/s) | elapsed 1:09:08 ETA 15:47:37
[iter 35/500] self-play 96 games @ 100 sims ...
[iter  35/500] loss 2.726 (p 2.634 v 0.091) | games 96 pos 12094 buf 80000 | selfplay 116s train 4s (0.83 g/s) | elapsed 1:11:08 ETA 15:45:10
[iter 36/500] self-play 96 games @ 100 sims ...
[iter  36/500] loss 2.722 (p 2.632 v 0.091) | games 96 pos 11891 buf 80000 | selfplay 119s train 4s (0.81 g/s) | elapsed 1:13:12 ETA 15:43:28
[iter 37/500] self-play 96 games @ 100 sims ...
[iter  37/500] loss 2.733 (p 2.638 v 0.095) | games 96 pos 11644 buf 80000 | selfplay 114s train 4s (0.84 g/s) | elapsed 1:15:10 ETA 15:40:42
[iter 38/500] self-play 96 games @ 100 sims ...
[iter  38/500] loss 2.734 (p 2.640 v 0.094) | games 96 pos 11478 buf 80000 | selfplay 118s train 4s (0.82 g/s) | elapsed 1:17:12 ETA 15:38:41
[iter 39/500] self-play 96 games @ 100 sims ...
[iter  39/500] loss 2.748 (p 2.651 v 0.097) | games 96 pos 12050 buf 80000 | selfplay 122s train 4s (0.79 g/s) | elapsed 1:19:18 ETA 15:37:30
[iter 40/500] self-play 96 games @ 100 sims ...
[iter  40/500] loss 2.759 (p 2.664 v 0.096) | games 96 pos 13143 buf 80000 | selfplay 125s train 4s (0.77 g/s) | elapsed 1:21:27 ETA 15:36:49
[iter 41/500] self-play 96 games @ 100 sims ...
[iter  41/500] loss 2.763 (p 2.663 v 0.101) | games 96 pos 13130 buf 80000 | selfplay 120s train 4s (0.80 g/s) | elapsed 1:23:32 ETA 15:35:13
[iter 42/500] self-play 96 games @ 100 sims ...
[iter  42/500] loss 2.753 (p 2.659 v 0.094) | games 96 pos 12032 buf 80000 | selfplay 116s train 4s (0.83 g/s) | elapsed 1:25:32 ETA 15:32:52
[iter 43/500] self-play 96 games @ 100 sims ...
[iter  43/500] loss 2.771 (p 2.660 v 0.111) | games 96 pos 11340 buf 80000 | selfplay 114s train 4s (0.84 g/s) | elapsed 1:27:31 ETA 15:30:07
[iter 44/500] self-play 96 games @ 100 sims ...
[iter  44/500] loss 2.759 (p 2.657 v 0.102) | games 96 pos 12428 buf 80000 | selfplay 118s train 4s (0.82 g/s) | elapsed 1:29:32 ETA 15:28:03
[iter 45/500] self-play 96 games @ 100 sims ...
[iter  45/500] loss 2.740 (p 2.642 v 0.098) | games 96 pos 11838 buf 80000 | selfplay 114s train 4s (0.84 g/s) | elapsed 1:31:31 ETA 15:25:25
[iter 46/500] self-play 96 games @ 100 sims ...
[iter  46/500] loss 2.748 (p 2.643 v 0.105) | games 96 pos 12654 buf 80000 | selfplay 116s train 4s (0.82 g/s) | elapsed 1:33:32 ETA 15:23:13
[iter 47/500] self-play 96 games @ 100 sims ...
[iter  47/500] loss 2.729 (p 2.630 v 0.099) | games 96 pos 11898 buf 80000 | selfplay 115s train 4s (0.84 g/s) | elapsed 1:35:31 ETA 15:20:44
[iter 48/500] self-play 96 games @ 100 sims ...
[iter  48/500] loss 2.725 (p 2.620 v 0.104) | games 96 pos 12675 buf 80000 | selfplay 118s train 4s (0.81 g/s) | elapsed 1:37:34 ETA 15:18:45
[iter 49/500] self-play 96 games @ 100 sims ...
[iter  49/500] loss 2.716 (p 2.610 v 0.106) | games 96 pos 12765 buf 80000 | selfplay 123s train 4s (0.78 g/s) | elapsed 1:39:41 ETA 15:17:35
[iter 50/500] self-play 96 games @ 100 sims ...
[iter  50/500] loss 2.696 (p 2.595 v 0.101) | games 96 pos 12535 buf 80000 | selfplay 119s train 4s (0.81 g/s) | elapsed 1:41:44 ETA 15:15:43
[iter 51/500] self-play 96 games @ 100 sims ...
[iter  51/500] loss 2.697 (p 2.590 v 0.108) | games 96 pos 11465 buf 80000 | selfplay 114s train 4s (0.84 g/s) | elapsed 1:43:43 ETA 15:13:14
[iter 52/500] self-play 96 games @ 100 sims ...
[iter  52/500] loss 2.701 (p 2.598 v 0.103) | games 96 pos 12612 buf 80000 | selfplay 118s train 4s (0.81 g/s) | elapsed 1:45:46 ETA 15:11:19
[iter 53/500] self-play 96 games @ 100 sims ...
[iter  53/500] loss 2.701 (p 2.596 v 0.105) | games 96 pos 13228 buf 80000 | selfplay 122s train 4s (0.79 g/s) | elapsed 1:47:52 ETA 15:09:51
[iter 54/500] self-play 96 games @ 100 sims ...
[iter  54/500] loss 2.703 (p 2.597 v 0.106) | games 96 pos 12733 buf 80000 | selfplay 118s train 4s (0.82 g/s) | elapsed 1:49:54 ETA 15:07:49
[iter 55/500] self-play 96 games @ 100 sims ...
[iter  55/500] loss 2.688 (p 2.586 v 0.103) | games 96 pos 12502 buf 80000 | selfplay 117s train 4s (0.82 g/s) | elapsed 1:51:56 ETA 15:05:43
[iter 56/500] self-play 96 games @ 100 sims ...
[iter  56/500] loss 2.685 (p 2.585 v 0.100) | games 96 pos 12797 buf 80000 | selfplay 117s train 4s (0.82 g/s) | elapsed 1:53:58 ETA 15:03:38
[iter 57/500] self-play 96 games @ 100 sims ...
[iter  57/500] loss 2.662 (p 2.569 v 0.093) | games 96 pos 11631 buf 80000 | selfplay 118s train 4s (0.82 g/s) | elapsed 1:56:00 ETA 15:01:35
[iter 58/500] self-play 96 games @ 100 sims ...
[iter  58/500] loss 2.648 (p 2.555 v 0.093) | games 96 pos 12140 buf 80000 | selfplay 115s train 4s (0.83 g/s) | elapsed 1:58:00 ETA 14:59:14
[iter 59/500] self-play 96 games @ 100 sims ...
[iter  59/500] loss 2.660 (p 2.556 v 0.104) | games 96 pos 12135 buf 80000 | selfplay 118s train 4s (0.81 g/s) | elapsed 2:00:02 ETA 14:57:19
[iter 60/500] self-play 96 games @ 100 sims ...
[iter  60/500] loss 2.643 (p 2.555 v 0.089) | games 96 pos 12427 buf 80000 | selfplay 116s train 4s (0.83 g/s) | elapsed 2:02:03 ETA 14:55:05
[iter 61/500] self-play 96 games @ 100 sims ...
[iter  61/500] loss 2.653 (p 2.562 v 0.091) | games 96 pos 13550 buf 80000 | selfplay 119s train 4s (0.81 g/s) | elapsed 2:04:06 ETA 14:53:10
[iter 62/500] self-play 96 games @ 100 sims ...
[iter  62/500] loss 2.654 (p 2.564 v 0.090) | games 96 pos 11763 buf 80000 | selfplay 115s train 4s (0.83 g/s) | elapsed 2:06:06 ETA 14:50:50
[iter 63/500] self-play 96 games @ 100 sims ...
[iter  63/500] loss 2.677 (p 2.574 v 0.104) | games 96 pos 11763 buf 80000 | selfplay 118s train 4s (0.81 g/s) | elapsed 2:08:09 ETA 14:48:55
[iter 64/500] self-play 96 games @ 100 sims ...
[iter  64/500] loss 2.679 (p 2.575 v 0.104) | games 96 pos 12179 buf 80000 | selfplay 116s train 4s (0.82 g/s) | elapsed 2:10:09 ETA 14:46:45
[iter 65/500] self-play 96 games @ 100 sims ...
[iter  65/500] loss 2.683 (p 2.573 v 0.110) | games 96 pos 11538 buf 80000 | selfplay 113s train 4s (0.85 g/s) | elapsed 2:12:07 ETA 14:44:15
[iter 66/500] self-play 96 games @ 100 sims ...
[iter  66/500] loss 2.673 (p 2.565 v 0.108) | games 96 pos 11867 buf 80000 | selfplay 116s train 4s (0.83 g/s) | elapsed 2:14:08 ETA 14:42:02
[iter 67/500] self-play 96 games @ 100 sims ...
[iter  67/500] loss 2.668 (p 2.569 v 0.099) | games 96 pos 12653 buf 80000 | selfplay 120s train 4s (0.80 g/s) | elapsed 2:16:12 ETA 14:40:16
[iter 68/500] self-play 96 games @ 100 sims ...
[iter  68/500] loss 2.649 (p 2.552 v 0.097) | games 96 pos 12449 buf 80000 | selfplay 118s train 4s (0.81 g/s) | elapsed 2:18:14 ETA 14:38:16
[iter 69/500] self-play 96 games @ 100 sims ...
[iter  69/500] loss 2.639 (p 2.539 v 0.101) | games 96 pos 12630 buf 80000 | selfplay 118s train 4s (0.81 g/s) | elapsed 2:20:17 ETA 14:36:17
[iter 70/500] self-play 96 games @ 100 sims ...
[iter  70/500] loss 2.618 (p 2.524 v 0.094) | games 96 pos 12866 buf 80000 | selfplay 121s train 4s (0.79 g/s) | elapsed 2:22:22 ETA 14:34:37
[iter 71/500] self-play 96 games @ 100 sims ...
[iter  71/500] loss 2.624 (p 2.520 v 0.105) | games 96 pos 12929 buf 80000 | selfplay 121s train 4s (0.79 g/s) | elapsed 2:24:28 ETA 14:32:55
[iter 72/500] self-play 96 games @ 100 sims ...
[iter  72/500] loss 2.611 (p 2.505 v 0.106) | games 96 pos 12521 buf 80000 | selfplay 116s train 4s (0.82 g/s) | elapsed 2:26:29 ETA 14:30:47
[iter 73/500] self-play 96 games @ 100 sims ...
[iter  73/500] loss 2.586 (p 2.492 v 0.094) | games 96 pos 13007 buf 80000 | selfplay 121s train 4s (0.80 g/s) | elapsed 2:28:34 ETA 14:29:03
[iter 74/500] self-play 96 games @ 100 sims ...
[iter  74/500] loss 2.580 (p 2.495 v 0.085) | games 96 pos 13036 buf 80000 | selfplay 117s train 4s (0.82 g/s) | elapsed 2:30:35 ETA 14:26:56
[iter 75/500] self-play 96 games @ 100 sims ...
[iter  75/500] loss 2.588 (p 2.497 v 0.091) | games 96 pos 12239 buf 80000 | selfplay 118s train 4s (0.81 g/s) | elapsed 2:32:38 ETA 14:24:59
[iter 76/500] self-play 96 games @ 100 sims ...
[iter  76/500] loss 2.584 (p 2.489 v 0.095) | games 96 pos 12114 buf 80000 | selfplay 116s train 4s (0.83 g/s) | elapsed 2:34:39 ETA 14:22:49
[iter 77/500] self-play 96 games @ 100 sims ...
[iter  77/500] loss 2.588 (p 2.491 v 0.097) | games 96 pos 12562 buf 80000 | selfplay 117s train 4s (0.82 g/s) | elapsed 2:36:41 ETA 14:20:44
[iter 78/500] self-play 96 games @ 100 sims ...
[iter  78/500] loss 2.589 (p 2.494 v 0.095) | games 96 pos 12984 buf 80000 | selfplay 121s train 4s (0.79 g/s) | elapsed 2:38:46 ETA 14:19:02
[iter 79/500] self-play 96 games @ 100 sims ...
[iter  79/500] loss 2.611 (p 2.507 v 0.103) | games 96 pos 12340 buf 80000 | selfplay 118s train 4s (0.81 g/s) | elapsed 2:40:49 ETA 14:17:03
[iter 80/500] self-play 96 games @ 100 sims ...
[iter  80/500] loss 2.627 (p 2.517 v 0.110) | games 96 pos 12526 buf 80000 | selfplay 117s train 4s (0.82 g/s) | elapsed 2:42:51 ETA 14:14:58
[iter 81/500] self-play 96 games @ 100 sims ...
[iter  81/500] loss 2.630 (p 2.523 v 0.107) | games 96 pos 12846 buf 80000 | selfplay 121s train 4s (0.79 g/s) | elapsed 2:44:57 ETA 14:13:15
[iter 82/500] self-play 96 games @ 100 sims ...
[iter  82/500] loss 2.618 (p 2.526 v 0.092) | games 96 pos 12389 buf 80000 | selfplay 118s train 4s (0.81 g/s) | elapsed 2:46:59 ETA 14:11:17
[iter 83/500] self-play 96 games @ 100 sims ...
[iter  83/500] loss 2.621 (p 2.517 v 0.105) | games 96 pos 11898 buf 80000 | selfplay 114s train 4s (0.84 g/s) | elapsed 2:48:58 ETA 14:08:57
[iter 84/500] self-play 96 games @ 100 sims ...
[iter  84/500] loss 2.611 (p 2.511 v 0.101) | games 96 pos 12531 buf 80000 | selfplay 115s train 4s (0.84 g/s) | elapsed 2:50:57 ETA 14:06:41
[iter 85/500] self-play 96 games @ 100 sims ...
[iter  85/500] loss 2.600 (p 2.507 v 0.093) | games 96 pos 12926 buf 80000 | selfplay 120s train 4s (0.80 g/s) | elapsed 2:53:02 ETA 14:04:49
[iter 86/500] self-play 96 games @ 100 sims ...
[iter  86/500] loss 2.604 (p 2.506 v 0.098) | games 96 pos 11795 buf 80000 | selfplay 119s train 4s (0.81 g/s) | elapsed 2:55:05 ETA 14:02:53
[iter 87/500] self-play 96 games @ 100 sims ...
[iter  87/500] loss 2.603 (p 2.495 v 0.108) | games 96 pos 12492 buf 80000 | selfplay 118s train 4s (0.81 g/s) | elapsed 2:57:08 ETA 14:00:53
[iter 88/500] self-play 96 games @ 100 sims ...
[iter  88/500] loss 2.613 (p 2.500 v 0.113) | games 96 pos 11969 buf 80000 | selfplay 113s train 4s (0.85 g/s) | elapsed 2:59:06 ETA 13:58:31
[iter 89/500] self-play 96 games @ 100 sims ...
[iter  89/500] loss 2.597 (p 2.494 v 0.103) | games 96 pos 13524 buf 80000 | selfplay 122s train 4s (0.79 g/s) | elapsed 3:01:12 ETA 13:56:47
[iter 90/500] self-play 96 games @ 100 sims ...
[iter  90/500] loss 2.582 (p 2.480 v 0.102) | games 96 pos 12602 buf 80000 | selfplay 120s train 4s (0.80 g/s) | elapsed 3:03:16 ETA 13:54:56
[iter 91/500] self-play 96 games @ 100 sims ...
[iter  91/500] loss 2.569 (p 2.473 v 0.096) | games 96 pos 12858 buf 80000 | selfplay 120s train 4s (0.80 g/s) | elapsed 3:05:20 ETA 13:53:03
[iter 92/500] self-play 96 games @ 100 sims ...
[iter  92/500] loss 2.566 (p 2.471 v 0.095) | games 96 pos 12692 buf 80000 | selfplay 120s train 4s (0.80 g/s) | elapsed 3:07:25 ETA 13:51:09
[iter 93/500] self-play 96 games @ 100 sims ...
[iter  93/500] loss 2.560 (p 2.465 v 0.095) | games 96 pos 12049 buf 80000 | selfplay 117s train 4s (0.82 g/s) | elapsed 3:09:26 ETA 13:49:02
[iter 94/500] self-play 96 games @ 100 sims ...
[iter  94/500] loss 2.558 (p 2.465 v 0.093) | games 96 pos 12688 buf 80000 | selfplay 118s train 4s (0.81 g/s) | elapsed 3:11:28 ETA 13:47:02
[iter 95/500] self-play 96 games @ 100 sims ...
[iter  95/500] loss 2.580 (p 2.477 v 0.103) | games 96 pos 13905 buf 80000 | selfplay 123s train 4s (0.78 g/s) | elapsed 3:13:36 ETA 13:45:22
[iter 96/500] self-play 96 games @ 100 sims ...
[iter  96/500] loss 2.580 (p 2.483 v 0.097) | games 96 pos 13029 buf 80000 | selfplay 119s train 4s (0.81 g/s) | elapsed 3:15:39 ETA 13:43:24
[iter 97/500] self-play 96 games @ 100 sims ...
[iter  97/500] loss 2.587 (p 2.494 v 0.093) | games 96 pos 13052 buf 80000 | selfplay 121s train 4s (0.79 g/s) | elapsed 3:17:45 ETA 13:41:36
[iter 98/500] self-play 96 games @ 100 sims ...
[iter  98/500] loss 2.588 (p 2.487 v 0.101) | games 96 pos 12885 buf 80000 | selfplay 124s train 4s (0.78 g/s) | elapsed 3:19:53 ETA 13:39:57
[iter 99/500] self-play 96 games @ 100 sims ...
[iter  99/500] loss 2.584 (p 2.483 v 0.101) | games 96 pos 12249 buf 80000 | selfplay 115s train 4s (0.83 g/s) | elapsed 3:21:53 ETA 13:37:44
[iter 100/500] self-play 96 games @ 100 sims ...
[iter 100/500] loss 2.580 (p 2.479 v 0.101) | games 96 pos 11929 buf 80000 | selfplay 115s train 4s (0.83 g/s) | elapsed 3:23:52 ETA 13:35:30
[iter 101/500] self-play 96 games @ 100 sims ...
[iter 101/500] loss 2.598 (p 2.488 v 0.110) | games 96 pos 12473 buf 80000 | selfplay 119s train 4s (0.81 g/s) | elapsed 3:25:56 ETA 13:33:33
[iter 102/500] self-play 96 games @ 100 sims ...
[iter 102/500] loss 2.602 (p 2.492 v 0.110) | games 96 pos 11120 buf 80000 | selfplay 110s train 4s (0.87 g/s) | elapsed 3:27:50 ETA 13:31:00
[iter 103/500] self-play 96 games @ 100 sims ...
[iter 103/500] loss 2.604 (p 2.494 v 0.110) | games 96 pos 11591 buf 80000 | selfplay 115s train 4s (0.84 g/s) | elapsed 3:29:49 ETA 13:28:46
[iter 104/500] self-play 96 games @ 100 sims ...
[iter 104/500] loss 2.620 (p 2.505 v 0.115) | games 96 pos 12201 buf 80000 | selfplay 116s train 4s (0.83 g/s) | elapsed 3:31:50 ETA 13:26:38
[iter 105/500] self-play 96 games @ 100 sims ...
[iter 105/500] loss 2.611 (p 2.506 v 0.105) | games 96 pos 12247 buf 80000 | selfplay 118s train 4s (0.81 g/s) | elapsed 3:33:53 ETA 13:24:37
[iter 106/500] self-play 96 games @ 100 sims ...
[iter 106/500] loss 2.609 (p 2.500 v 0.108) | games 96 pos 11591 buf 80000 | selfplay 113s train 4s (0.85 g/s) | elapsed 3:35:51 ETA 13:22:18
[iter 107/500] self-play 96 games @ 100 sims ...
[iter 107/500] loss 2.596 (p 2.494 v 0.102) | games 96 pos 11768 buf 80000 | selfplay 119s train 4s (0.81 g/s) | elapsed 3:37:54 ETA 13:20:21
[iter 108/500] self-play 96 games @ 100 sims ...
[iter 108/500] loss 2.585 (p 2.481 v 0.104) | games 96 pos 12143 buf 80000 | selfplay 115s train 4s (0.84 g/s) | elapsed 3:39:53 ETA 13:18:08
[iter 109/500] self-play 96 games @ 100 sims ...
[iter 109/500] loss 2.565 (p 2.469 v 0.096) | games 96 pos 13737 buf 80000 | selfplay 120s train 4s (0.80 g/s) | elapsed 3:41:58 ETA 13:16:16
[iter 110/500] self-play 96 games @ 100 sims ...
[iter 110/500] loss 2.542 (p 2.452 v 0.090) | games 96 pos 12527 buf 80000 | selfplay 118s train 4s (0.81 g/s) | elapsed 3:44:01 ETA 13:14:16
[iter 111/500] self-play 96 games @ 100 sims ...
[iter 111/500] loss 2.547 (p 2.448 v 0.099) | games 96 pos 12199 buf 80000 | selfplay 122s train 4s (0.79 g/s) | elapsed 3:46:08 ETA 13:12:29
[iter 112/500] self-play 96 games @ 100 sims ...
[iter 112/500] loss 2.534 (p 2.436 v 0.098) | games 96 pos 11976 buf 80000 | selfplay 121s train 4s (0.79 g/s) | elapsed 3:48:13 ETA 13:10:38
[iter 113/500] self-play 96 games @ 100 sims ...
[iter 113/500] loss 2.526 (p 2.428 v 0.098) | games 96 pos 11852 buf 80000 | selfplay 114s train 4s (0.85 g/s) | elapsed 3:50:11 ETA 13:08:21
[iter 114/500] self-play 96 games @ 100 sims ...
[iter 114/500] loss 2.525 (p 2.427 v 0.098) | games 96 pos 12701 buf 80000 | selfplay 115s train 4s (0.83 g/s) | elapsed 3:52:10 ETA 13:06:09
[iter 115/500] self-play 96 games @ 100 sims ...
[iter 115/500] loss 2.526 (p 2.425 v 0.101) | games 96 pos 12403 buf 80000 | selfplay 116s train 4s (0.83 g/s) | elapsed 3:54:11 ETA 13:04:00
[iter 116/500] self-play 96 games @ 100 sims ...
[iter 116/500] loss 2.530 (p 2.430 v 0.100) | games 96 pos 12851 buf 80000 | selfplay 124s train 4s (0.77 g/s) | elapsed 3:56:19 ETA 13:02:20
[iter 117/500] self-play 96 games @ 100 sims ...
[iter 117/500] loss 2.523 (p 2.432 v 0.092) | games 96 pos 12802 buf 80000 | selfplay 115s train 4s (0.83 g/s) | elapsed 3:58:19 ETA 13:00:10
[iter 118/500] self-play 96 games @ 100 sims ...
[iter 118/500] loss 2.512 (p 2.419 v 0.093) | games 96 pos 11941 buf 80000 | selfplay 116s train 4s (0.83 g/s) | elapsed 4:00:20 ETA 12:58:03
[iter 119/500] self-play 96 games @ 100 sims ...
[iter 119/500] loss 2.521 (p 2.420 v 0.101) | games 96 pos 12239 buf 80000 | selfplay 118s train 4s (0.82 g/s) | elapsed 4:02:22 ETA 12:56:00
[iter 120/500] self-play 96 games @ 100 sims ...
[iter 120/500] loss 2.524 (p 2.422 v 0.102) | games 96 pos 11756 buf 80000 | selfplay 113s train 4s (0.85 g/s) | elapsed 4:04:20 ETA 12:53:44
[iter 121/500] self-play 96 games @ 100 sims ...
[iter 121/500] loss 2.529 (p 2.425 v 0.104) | games 96 pos 12048 buf 80000 | selfplay 114s train 4s (0.84 g/s) | elapsed 4:06:18 ETA 12:51:30
[iter 122/500] self-play 96 games @ 100 sims ...
[iter 122/500] loss 2.529 (p 2.430 v 0.099) | games 96 pos 12326 buf 80000 | selfplay 116s train 4s (0.83 g/s) | elapsed 4:08:19 ETA 12:49:23
[iter 123/500] self-play 96 games @ 100 sims ...
[iter 123/500] loss 2.517 (p 2.427 v 0.090) | games 96 pos 13077 buf 80000 | selfplay 119s train 4s (0.81 g/s) | elapsed 4:10:22 ETA 12:47:24
[iter 124/500] self-play 96 games @ 100 sims ...
[iter 124/500] loss 2.525 (p 2.417 v 0.108) | games 96 pos 11500 buf 80000 | selfplay 112s train 4s (0.86 g/s) | elapsed 4:12:19 ETA 12:45:05
[iter 125/500] self-play 96 games @ 100 sims ...
[iter 125/500] loss 2.527 (p 2.420 v 0.107) | games 96 pos 11520 buf 80000 | selfplay 113s train 4s (0.85 g/s) | elapsed 4:14:16 ETA 12:42:48
[iter 126/500] self-play 96 games @ 100 sims ...
[iter 126/500] loss 2.531 (p 2.423 v 0.108) | games 96 pos 12085 buf 80000 | selfplay 116s train 4s (0.83 g/s) | elapsed 4:16:16 ETA 12:40:41
[iter 127/500] self-play 96 games @ 100 sims ...
[iter 127/500] loss 2.518 (p 2.418 v 0.101) | games 96 pos 12591 buf 80000 | selfplay 118s train 4s (0.82 g/s) | elapsed 4:18:18 ETA 12:38:39
[iter 128/500] self-play 96 games @ 100 sims ...
[iter 128/500] loss 2.518 (p 2.415 v 0.103) | games 96 pos 12564 buf 80000 | selfplay 118s train 4s (0.82 g/s) | elapsed 4:20:20 ETA 12:36:38
[iter 129/500] self-play 96 games @ 100 sims ...
[iter 129/500] loss 2.507 (p 2.409 v 0.098) | games 96 pos 12676 buf 80000 | selfplay 119s train 4s (0.81 g/s) | elapsed 4:22:24 ETA 12:34:39
[iter 130/500] self-play 96 games @ 100 sims ...
[iter 130/500] loss 2.501 (p 2.401 v 0.100) | games 96 pos 11764 buf 80000 | selfplay 116s train 4s (0.83 g/s) | elapsed 4:24:24 ETA 12:32:32
[iter 131/500] self-play 96 games @ 100 sims ...
[iter 131/500] loss 2.506 (p 2.400 v 0.106) | games 96 pos 12552 buf 80000 | selfplay 119s train 4s (0.81 g/s) | elapsed 4:26:28 ETA 12:30:35
[iter 132/500] self-play 96 games @ 100 sims ...
[iter 132/500] loss 2.500 (p 2.400 v 0.100) | games 96 pos 11670 buf 80000 | selfplay 116s train 4s (0.82 g/s) | elapsed 4:28:29 ETA 12:28:30
[iter 133/500] self-play 96 games @ 100 sims ...
[iter 133/500] loss 2.486 (p 2.394 v 0.092) | games 96 pos 12697 buf 80000 | selfplay 117s train 4s (0.82 g/s) | elapsed 4:30:30 ETA 12:26:26
[iter 134/500] self-play 96 games @ 100 sims ...
[iter 134/500] loss 2.510 (p 2.410 v 0.100) | games 96 pos 12371 buf 80000 | selfplay 118s train 4s (0.81 g/s) | elapsed 4:32:33 ETA 12:24:26
[iter 135/500] self-play 96 games @ 100 sims ...
[iter 135/500] loss 2.514 (p 2.411 v 0.103) | games 96 pos 11888 buf 80000 | selfplay 116s train 4s (0.83 g/s) | elapsed 4:34:33 ETA 12:22:19
[iter 136/500] self-play 96 games @ 100 sims ...
[iter 136/500] loss 2.510 (p 2.406 v 0.104) | games 96 pos 13401 buf 80000 | selfplay 122s train 4s (0.79 g/s) | elapsed 4:36:39 ETA 12:20:29
[iter 137/500] self-play 96 games @ 100 sims ...
[iter 137/500] loss 2.497 (p 2.395 v 0.102) | games 96 pos 12323 buf 80000 | selfplay 118s train 4s (0.81 g/s) | elapsed 4:38:42 ETA 12:18:29
[iter 138/500] self-play 96 games @ 100 sims ...
[iter 138/500] loss 2.494 (p 2.389 v 0.105) | games 96 pos 11992 buf 80000 | selfplay 113s train 4s (0.85 g/s) | elapsed 4:40:40 ETA 12:16:15
[iter 139/500] self-play 96 games @ 100 sims ...
[iter 139/500] loss 2.484 (p 2.386 v 0.098) | games 96 pos 12167 buf 80000 | selfplay 119s train 4s (0.81 g/s) | elapsed 4:42:43 ETA 12:14:17
[iter 140/500] self-play 96 games @ 100 sims ...
[iter 140/500] loss 2.463 (p 2.369 v 0.095) | games 96 pos 12953 buf 80000 | selfplay 118s train 4s (0.81 g/s) | elapsed 4:44:46 ETA 12:12:16
[iter 141/500] self-play 96 games @ 100 sims ...
[iter 141/500] loss 2.465 (p 2.364 v 0.101) | games 96 pos 12414 buf 80000 | selfplay 116s train 4s (0.83 g/s) | elapsed 4:46:46 ETA 12:10:09
[iter 142/500] self-play 96 games @ 100 sims ...
[iter 142/500] loss 2.454 (p 2.357 v 0.097) | games 96 pos 12838 buf 80000 | selfplay 119s train 4s (0.81 g/s) | elapsed 4:48:49 ETA 12:08:10
[iter 143/500] self-play 96 games @ 100 sims ...
[iter 143/500] loss 2.460 (p 2.361 v 0.099) | games 96 pos 12857 buf 80000 | selfplay 121s train 4s (0.79 g/s) | elapsed 4:50:55 ETA 12:06:17
[iter 144/500] self-play 96 games @ 100 sims ...
[iter 144/500] loss 2.464 (p 2.361 v 0.103) | games 96 pos 12547 buf 80000 | selfplay 120s train 4s (0.80 g/s) | elapsed 4:53:00 ETA 12:04:22
[iter 145/500] self-play 96 games @ 100 sims ...
[iter 145/500] loss 2.453 (p 2.362 v 0.091) | games 96 pos 12886 buf 80000 | selfplay 123s train 4s (0.78 g/s) | elapsed 4:55:07 ETA 12:02:33
[iter 146/500] self-play 96 games @ 100 sims ...
[iter 146/500] loss 2.468 (p 2.373 v 0.095) | games 96 pos 12475 buf 80000 | selfplay 117s train 4s (0.82 g/s) | elapsed 4:57:08 ETA 12:00:28
[iter 147/500] self-play 96 games @ 100 sims ...
[iter 147/500] loss 2.469 (p 2.381 v 0.089) | games 96 pos 12306 buf 80000 | selfplay 118s train 4s (0.81 g/s) | elapsed 4:59:11 ETA 11:58:28
[iter 148/500] self-play 96 games @ 100 sims ...
[iter 148/500] loss 2.485 (p 2.387 v 0.098) | games 96 pos 10965 buf 80000 | selfplay 113s train 4s (0.85 g/s) | elapsed 5:01:08 ETA 11:56:14
[iter 149/500] self-play 96 games @ 100 sims ...
[iter 149/500] loss 2.502 (p 2.400 v 0.102) | games 96 pos 12116 buf 80000 | selfplay 118s train 5s (0.81 g/s) | elapsed 5:03:11 ETA 11:54:14
[iter 150/500] self-play 96 games @ 100 sims ...
[iter 150/500] loss 2.514 (p 2.409 v 0.105) | games 96 pos 12013 buf 80000 | selfplay 120s train 5s (0.80 g/s) | elapsed 5:05:16 ETA 11:52:18
[iter 151/500] self-play 96 games @ 100 sims ...
[iter 151/500] loss 2.519 (p 2.419 v 0.100) | games 96 pos 12232 buf 80000 | selfplay 123s train 4s (0.78 g/s) | elapsed 5:07:24 ETA 11:50:29
[iter 152/500] self-play 96 games @ 100 sims ...
[iter 152/500] loss 2.519 (p 2.410 v 0.109) | games 96 pos 11964 buf 80000 | selfplay 118s train 4s (0.82 g/s) | elapsed 5:09:26 ETA 11:48:27
[iter 153/500] self-play 96 games @ 100 sims ...
[iter 153/500] loss 2.517 (p 2.419 v 0.098) | games 96 pos 12935 buf 80000 | selfplay 121s train 5s (0.80 g/s) | elapsed 5:11:31 ETA 11:46:32
[iter 154/500] self-play 96 games @ 100 sims ...
[iter 154/500] loss 2.523 (p 2.416 v 0.106) | games 96 pos 11809 buf 80000 | selfplay 118s train 5s (0.81 g/s) | elapsed 5:13:34 ETA 11:44:31
[iter 155/500] self-play 96 games @ 100 sims ...
[iter 155/500] loss 2.513 (p 2.417 v 0.096) | games 96 pos 12877 buf 80000 | selfplay 123s train 4s (0.78 g/s) | elapsed 5:15:42 ETA 11:42:42
[iter 156/500] self-play 96 games @ 100 sims ...
[iter 156/500] loss 2.490 (p 2.399 v 0.091) | games 96 pos 13176 buf 80000 | selfplay 124s train 5s (0.77 g/s) | elapsed 5:17:51 ETA 11:40:54
[iter 157/500] self-play 96 games @ 100 sims ...
[iter 157/500] loss 2.487 (p 2.391 v 0.095) | games 96 pos 11618 buf 80000 | selfplay 123s train 5s (0.78 g/s) | elapsed 5:19:58 ETA 11:39:04
[iter 158/500] self-play 96 games @ 100 sims ...
[iter 158/500] loss 2.485 (p 2.393 v 0.092) | games 96 pos 12577 buf 80000 | selfplay 124s train 5s (0.77 g/s) | elapsed 5:22:07 ETA 11:37:16
[iter 159/500] self-play 96 games @ 100 sims ...
[iter 159/500] loss 2.482 (p 2.397 v 0.085) | games 96 pos 13284 buf 80000 | selfplay 129s train 5s (0.75 g/s) | elapsed 5:24:21 ETA 11:35:37
[iter 160/500] self-play 96 games @ 100 sims ...
[iter 160/500] loss 2.484 (p 2.393 v 0.091) | games 96 pos 13362 buf 80000 | selfplay 127s train 5s (0.76 g/s) | elapsed 5:26:32 ETA 11:33:54
[iter 161/500] self-play 96 games @ 100 sims ...
[iter 161/500] loss 2.477 (p 2.394 v 0.082) | games 96 pos 12250 buf 80000 | selfplay 121s train 5s (0.80 g/s) | elapsed 5:28:38 ETA 11:31:58
[iter 162/500] self-play 96 games @ 100 sims ...
[iter 162/500] loss 2.501 (p 2.412 v 0.089) | games 96 pos 12106 buf 80000 | selfplay 121s train 5s (0.80 g/s) | elapsed 5:30:43 ETA 11:30:01
[iter 163/500] self-play 96 games @ 100 sims ...
[iter 163/500] loss 2.497 (p 2.414 v 0.084) | games 96 pos 12407 buf 80000 | selfplay 122s train 5s (0.79 g/s) | elapsed 5:32:50 ETA 11:28:08
[iter 164/500] self-play 96 games @ 100 sims ...
[iter 164/500] loss 2.513 (p 2.421 v 0.092) | games 96 pos 12825 buf 80000 | selfplay 125s train 4s (0.77 g/s) | elapsed 5:35:00 ETA 11:26:20
[iter 165/500] self-play 96 games @ 100 sims ...
[iter 165/500] loss 2.518 (p 2.427 v 0.091) | games 96 pos 12597 buf 80000 | selfplay 117s train 4s (0.82 g/s) | elapsed 5:37:02 ETA 11:24:17
[iter 166/500] self-play 96 games @ 100 sims ...
[iter 166/500] loss 2.537 (p 2.439 v 0.098) | games 96 pos 12413 buf 80000 | selfplay 117s train 4s (0.82 g/s) | elapsed 5:39:03 ETA 11:22:12
[iter 167/500] self-play 96 games @ 100 sims ...
[iter 167/500] loss 2.528 (p 2.436 v 0.092) | games 96 pos 12388 buf 80000 | selfplay 116s train 4s (0.83 g/s) | elapsed 5:41:04 ETA 11:20:06
[iter 168/500] self-play 96 games @ 100 sims ...
[iter 168/500] loss 2.522 (p 2.424 v 0.099) | games 96 pos 10967 buf 80000 | selfplay 116s train 4s (0.83 g/s) | elapsed 5:43:04 ETA 11:17:59
[iter 169/500] self-play 96 games @ 100 sims ...
[iter 169/500] loss 2.528 (p 2.423 v 0.105) | games 96 pos 11641 buf 80000 | selfplay 116s train 4s (0.82 g/s) | elapsed 5:45:05 ETA 11:15:53
[iter 170/500] self-play 96 games @ 100 sims ...
[iter 170/500] loss 2.524 (p 2.423 v 0.101) | games 96 pos 12955 buf 80000 | selfplay 124s train 4s (0.77 g/s) | elapsed 5:47:14 ETA 11:14:03
[iter 171/500] self-play 96 games @ 100 sims ...
[iter 171/500] loss 2.522 (p 2.421 v 0.101) | games 96 pos 11618 buf 80000 | selfplay 114s train 4s (0.84 g/s) | elapsed 5:49:12 ETA 11:11:52
[iter 172/500] self-play 96 games @ 100 sims ...
[iter 172/500] loss 2.524 (p 2.416 v 0.108) | games 96 pos 11730 buf 80000 | selfplay 116s train 4s (0.83 g/s) | elapsed 5:51:13 ETA 11:09:46
[iter 173/500] self-play 96 games @ 100 sims ...
[iter 173/500] loss 2.505 (p 2.406 v 0.098) | games 96 pos 12590 buf 80000 | selfplay 120s train 4s (0.80 g/s) | elapsed 5:53:17 ETA 11:07:47
[iter 174/500] self-play 96 games @ 100 sims ...
[iter 174/500] loss 2.491 (p 2.398 v 0.094) | games 96 pos 11892 buf 80000 | selfplay 118s train 4s (0.81 g/s) | elapsed 5:55:21 ETA 11:05:46
[iter 175/500] self-play 96 games @ 100 sims ...
[iter 175/500] loss 2.481 (p 2.386 v 0.096) | games 96 pos 13019 buf 80000 | selfplay 119s train 4s (0.81 g/s) | elapsed 5:57:24 ETA 11:03:45
[iter 176/500] self-play 96 games @ 100 sims ...
[iter 176/500] loss 2.482 (p 2.382 v 0.100) | games 96 pos 12229 buf 80000 | selfplay 119s train 4s (0.81 g/s) | elapsed 5:59:28 ETA 11:01:44
[iter 177/500] self-play 96 games @ 100 sims ...
[iter 177/500] loss 2.465 (p 2.364 v 0.101) | games 96 pos 11549 buf 80000 | selfplay 115s train 4s (0.84 g/s) | elapsed 6:01:27 ETA 10:59:36
[iter 178/500] self-play 96 games @ 100 sims ...
[iter 178/500] loss 2.468 (p 2.363 v 0.105) | games 96 pos 12729 buf 80000 | selfplay 121s train 4s (0.79 g/s) | elapsed 6:03:33 ETA 10:57:40
[iter 179/500] self-play 96 games @ 100 sims ...
[iter 179/500] loss 2.462 (p 2.361 v 0.101) | games 96 pos 12084 buf 80000 | selfplay 120s train 4s (0.80 g/s) | elapsed 6:05:38 ETA 10:55:41
[iter 180/500] self-play 96 games @ 100 sims ...
[iter 180/500] loss 2.469 (p 2.370 v 0.099) | games 96 pos 13018 buf 80000 | selfplay 124s train 4s (0.77 g/s) | elapsed 6:07:46 ETA 10:53:49
[iter 181/500] self-play 96 games @ 100 sims ...
[iter 181/500] loss 2.475 (p 2.375 v 0.100) | games 96 pos 12719 buf 80000 | selfplay 126s train 4s (0.76 g/s) | elapsed 6:09:57 ETA 10:52:01
[iter 182/500] self-play 96 games @ 100 sims ...
[iter 182/500] loss 2.477 (p 2.376 v 0.102) | games 96 pos 12724 buf 80000 | selfplay 119s train 4s (0.81 g/s) | elapsed 6:12:01 ETA 10:50:00
[iter 183/500] self-play 96 games @ 100 sims ...
[iter 183/500] loss 2.478 (p 2.380 v 0.098) | games 96 pos 11966 buf 80000 | selfplay 114s train 4s (0.84 g/s) | elapsed 6:13:59 ETA 10:47:50
[iter 184/500] self-play 96 games @ 100 sims ...
[iter 184/500] loss 2.480 (p 2.390 v 0.090) | games 96 pos 12469 buf 80000 | selfplay 117s train 4s (0.82 g/s) | elapsed 6:16:00 ETA 10:45:45
[iter 185/500] self-play 96 games @ 100 sims ...
[iter 185/500] loss 2.499 (p 2.396 v 0.102) | games 96 pos 11922 buf 80000 | selfplay 116s train 4s (0.83 g/s) | elapsed 6:18:01 ETA 10:43:39
[iter 186/500] self-play 96 games @ 100 sims ...
[iter 186/500] loss 2.510 (p 2.404 v 0.106) | games 96 pos 12197 buf 80000 | selfplay 117s train 4s (0.82 g/s) | elapsed 6:20:02 ETA 10:41:34
[iter 187/500] self-play 96 games @ 100 sims ...
[iter 187/500] loss 2.501 (p 2.406 v 0.096) | games 96 pos 12327 buf 80000 | selfplay 120s train 4s (0.80 g/s) | elapsed 6:22:07 ETA 10:39:35
[iter 188/500] self-play 96 games @ 100 sims ...
[iter 188/500] loss 2.513 (p 2.413 v 0.100) | games 96 pos 11678 buf 80000 | selfplay 123s train 4s (0.78 g/s) | elapsed 6:24:14 ETA 10:37:40
[iter 189/500] self-play 96 games @ 100 sims ...
[iter 189/500] loss 2.494 (p 2.405 v 0.089) | games 96 pos 12844 buf 80000 | selfplay 121s train 4s (0.79 g/s) | elapsed 6:26:20 ETA 10:35:43
[iter 190/500] self-play 96 games @ 100 sims ...
[iter 190/500] loss 2.482 (p 2.400 v 0.082) | games 96 pos 12230 buf 80000 | selfplay 117s train 4s (0.82 g/s) | elapsed 6:28:22 ETA 10:33:39
[iter 191/500] self-play 96 games @ 100 sims ...
[iter 191/500] loss 2.495 (p 2.390 v 0.105) | games 96 pos 12298 buf 80000 | selfplay 117s train 4s (0.82 g/s) | elapsed 6:30:23 ETA 10:31:34
[iter 192/500] self-play 96 games @ 100 sims ...
[iter 192/500] loss 2.476 (p 2.384 v 0.093) | games 96 pos 12658 buf 80000 | selfplay 119s train 4s (0.81 g/s) | elapsed 6:32:27 ETA 10:29:33
[iter 193/500] self-play 96 games @ 100 sims ...
[iter 193/500] loss 2.470 (p 2.381 v 0.089) | games 96 pos 13153 buf 80000 | selfplay 121s train 4s (0.79 g/s) | elapsed 6:34:32 ETA 10:27:35
[iter 194/500] self-play 96 games @ 100 sims ...
[iter 194/500] loss 2.464 (p 2.371 v 0.093) | games 96 pos 12736 buf 80000 | selfplay 117s train 4s (0.82 g/s) | elapsed 6:36:34 ETA 10:25:32
[iter 195/500] self-play 96 games @ 100 sims ...
[iter 195/500] loss 2.465 (p 2.374 v 0.092) | games 96 pos 12705 buf 80000 | selfplay 120s train 4s (0.80 g/s) | elapsed 6:38:39 ETA 10:23:32
[iter 196/500] self-play 96 games @ 100 sims ...
[iter 196/500] loss 2.460 (p 2.372 v 0.088) | games 96 pos 12528 buf 80000 | selfplay 124s train 4s (0.78 g/s) | elapsed 6:40:47 ETA 10:21:38
[iter 197/500] self-play 96 games @ 100 sims ...
[iter 197/500] loss 2.461 (p 2.374 v 0.087) | games 96 pos 12695 buf 80000 | selfplay 120s train 4s (0.80 g/s) | elapsed 6:42:52 ETA 10:19:38
[iter 198/500] self-play 96 games @ 100 sims ...
[iter 198/500] loss 2.464 (p 2.379 v 0.085) | games 96 pos 12576 buf 80000 | selfplay 116s train 4s (0.82 g/s) | elapsed 6:44:53 ETA 10:17:33
[iter 199/500] self-play 96 games @ 100 sims ...
[iter 199/500] loss 2.472 (p 2.381 v 0.090) | games 96 pos 11118 buf 80000 | selfplay 113s train 4s (0.85 g/s) | elapsed 6:46:50 ETA 10:15:22
[iter 200/500] self-play 96 games @ 100 sims ...
[iter 200/500] loss 2.481 (p 2.394 v 0.087) | games 96 pos 12070 buf 80000 | selfplay 120s train 4s (0.80 g/s) | elapsed 6:48:55 ETA 10:13:22
[iter 201/500] self-play 96 games @ 100 sims ...
[iter 201/500] loss 2.486 (p 2.395 v 0.091) | games 96 pos 11599 buf 80000 | selfplay 116s train 4s (0.83 g/s) | elapsed 6:50:55 ETA 10:11:16
[iter 202/500] self-play 96 games @ 100 sims ...
[iter 202/500] loss 2.491 (p 2.400 v 0.091) | games 96 pos 11591 buf 80000 | selfplay 116s train 4s (0.83 g/s) | elapsed 6:52:55 ETA 10:09:09
[iter 203/500] self-play 96 games @ 100 sims ...
[iter 203/500] loss 2.509 (p 2.409 v 0.100) | games 96 pos 12372 buf 80000 | selfplay 121s train 4s (0.79 g/s) | elapsed 6:55:00 ETA 10:07:11
[iter 204/500] self-play 96 games @ 100 sims ...
[iter 204/500] loss 2.505 (p 2.404 v 0.101) | games 96 pos 11905 buf 80000 | selfplay 116s train 4s (0.82 g/s) | elapsed 6:57:01 ETA 10:05:06
[iter 205/500] self-play 96 games @ 100 sims ...
[iter 205/500] loss 2.503 (p 2.407 v 0.097) | games 96 pos 12597 buf 80000 | selfplay 120s train 4s (0.80 g/s) | elapsed 6:59:06 ETA 10:03:06
[iter 206/500] self-play 96 games @ 100 sims ...
[iter 206/500] loss 2.505 (p 2.412 v 0.093) | games 96 pos 12300 buf 80000 | selfplay 118s train 4s (0.81 g/s) | elapsed 7:01:09 ETA 10:01:03
[iter 207/500] self-play 96 games @ 100 sims ...
[iter 207/500] loss 2.493 (p 2.402 v 0.091) | games 96 pos 12729 buf 80000 | selfplay 123s train 4s (0.78 g/s) | elapsed 7:03:16 ETA 9:59:07
[iter 208/500] self-play 96 games @ 100 sims ...
[iter 208/500] loss 2.480 (p 2.389 v 0.090) | games 96 pos 12192 buf 80000 | selfplay 117s train 4s (0.82 g/s) | elapsed 7:05:17 ETA 9:57:02
[iter 209/500] self-play 96 games @ 100 sims ...
[iter 209/500] loss 2.478 (p 2.389 v 0.089) | games 96 pos 13438 buf 80000 | selfplay 120s train 4s (0.80 g/s) | elapsed 7:07:22 ETA 9:55:02
[iter 210/500] self-play 96 games @ 100 sims ...
[iter 210/500] loss 2.454 (p 2.370 v 0.083) | games 96 pos 11578 buf 80000 | selfplay 118s train 4s (0.82 g/s) | elapsed 7:09:24 ETA 9:52:59
[iter 211/500] self-play 96 games @ 100 sims ...
[iter 211/500] loss 2.472 (p 2.380 v 0.092) | games 96 pos 12388 buf 80000 | selfplay 117s train 4s (0.82 g/s) | elapsed 7:11:26 ETA 9:50:55
[iter 212/500] self-play 96 games @ 100 sims ...
[iter 212/500] loss 2.472 (p 2.385 v 0.087) | games 96 pos 12449 buf 80000 | selfplay 121s train 4s (0.79 g/s) | elapsed 7:13:31 ETA 9:48:56
[iter 213/500] self-play 96 games @ 100 sims ...
[iter 213/500] loss 2.497 (p 2.406 v 0.091) | games 96 pos 12388 buf 80000 | selfplay 117s train 4s (0.82 g/s) | elapsed 7:15:33 ETA 9:46:52
[iter 214/500] self-play 96 games @ 100 sims ...
[iter 214/500] loss 2.491 (p 2.403 v 0.088) | games 96 pos 12322 buf 80000 | selfplay 118s train 4s (0.81 g/s) | elapsed 7:17:35 ETA 9:44:49
[iter 215/500] self-play 96 games @ 100 sims ...
[iter 215/500] loss 2.511 (p 2.410 v 0.101) | games 96 pos 11470 buf 80000 | selfplay 119s train 4s (0.81 g/s) | elapsed 7:19:39 ETA 9:42:47
[iter 216/500] self-play 96 games @ 100 sims ...
[iter 216/500] loss 2.528 (p 2.432 v 0.096) | games 96 pos 12574 buf 80000 | selfplay 118s train 4s (0.81 g/s) | elapsed 7:21:41 ETA 9:40:44
[iter 217/500] self-play 96 games @ 100 sims ...
[iter 217/500] loss 2.522 (p 2.434 v 0.087) | games 96 pos 12227 buf 80000 | selfplay 116s train 4s (0.83 g/s) | elapsed 7:23:41 ETA 9:38:38
[iter 218/500] self-play 96 games @ 100 sims ...
[iter 218/500] loss 2.516 (p 2.432 v 0.084) | games 96 pos 11406 buf 80000 | selfplay 116s train 4s (0.82 g/s) | elapsed 7:25:42 ETA 9:36:33
[iter 219/500] self-play 96 games @ 100 sims ...
[iter 219/500] loss 2.516 (p 2.428 v 0.089) | games 96 pos 11872 buf 80000 | selfplay 118s train 4s (0.81 g/s) | elapsed 7:27:45 ETA 9:34:31
[iter 220/500] self-play 96 games @ 100 sims ...
[iter 220/500] loss 2.520 (p 2.428 v 0.091) | games 96 pos 12624 buf 80000 | selfplay 120s train 4s (0.80 g/s) | elapsed 7:29:50 ETA 9:32:31
[iter 221/500] self-play 96 games @ 100 sims ...
[iter 221/500] loss 2.527 (p 2.430 v 0.097) | games 96 pos 12088 buf 80000 | selfplay 114s train 4s (0.84 g/s) | elapsed 7:31:48 ETA 9:30:23
[iter 222/500] self-play 96 games @ 100 sims ...
[iter 222/500] loss 2.515 (p 2.423 v 0.092) | games 96 pos 11660 buf 80000 | selfplay 116s train 4s (0.83 g/s) | elapsed 7:33:49 ETA 9:28:17
[iter 223/500] self-play 96 games @ 100 sims ...
[iter 223/500] loss 2.507 (p 2.415 v 0.092) | games 96 pos 12264 buf 80000 | selfplay 119s train 4s (0.81 g/s) | elapsed 7:35:52 ETA 9:26:15
[iter 224/500] self-play 96 games @ 100 sims ...
[iter 224/500] loss 2.510 (p 2.419 v 0.092) | games 96 pos 11898 buf 80000 | selfplay 119s train 4s (0.81 g/s) | elapsed 7:37:55 ETA 9:24:14
[iter 225/500] self-play 96 games @ 100 sims ...
[iter 225/500] loss 2.515 (p 2.422 v 0.092) | games 96 pos 12796 buf 80000 | selfplay 122s train 4s (0.79 g/s) | elapsed 7:40:02 ETA 9:22:16
[iter 226/500] self-play 96 games @ 100 sims ...
[iter 226/500] loss 2.514 (p 2.419 v 0.094) | games 96 pos 12703 buf 80000 | selfplay 118s train 4s (0.81 g/s) | elapsed 7:42:04 ETA 9:20:13
[iter 227/500] self-play 96 games @ 100 sims ...
[iter 227/500] loss 2.507 (p 2.416 v 0.091) | games 96 pos 12259 buf 80000 | selfplay 121s train 4s (0.79 g/s) | elapsed 7:44:10 ETA 9:18:14
[iter 228/500] self-play 96 games @ 100 sims ...
[iter 228/500] loss 2.507 (p 2.418 v 0.089) | games 96 pos 11291 buf 80000 | selfplay 114s train 4s (0.84 g/s) | elapsed 7:46:09 ETA 9:16:06
[iter 229/500] self-play 96 games @ 100 sims ...
[iter 229/500] loss 2.521 (p 2.433 v 0.088) | games 96 pos 12654 buf 80000 | selfplay 120s train 4s (0.80 g/s) | elapsed 7:48:13 ETA 9:14:06
[iter 230/500] self-play 96 games @ 100 sims ...
[iter 230/500] loss 2.525 (p 2.434 v 0.092) | games 96 pos 11922 buf 80000 | selfplay 116s train 4s (0.83 g/s) | elapsed 7:50:14 ETA 9:12:01
[iter 231/500] self-play 96 games @ 100 sims ...
[iter 231/500] loss 2.518 (p 2.425 v 0.093) | games 96 pos 11370 buf 80000 | selfplay 116s train 4s (0.83 g/s) | elapsed 7:52:14 ETA 9:09:56
[iter 232/500] self-play 96 games @ 100 sims ...
[iter 232/500] loss 2.527 (p 2.432 v 0.095) | games 96 pos 12018 buf 80000 | selfplay 117s train 4s (0.82 g/s) | elapsed 7:54:16 ETA 9:07:52
[iter 233/500] self-play 96 games @ 100 sims ...
[iter 233/500] loss 2.539 (p 2.439 v 0.100) | games 96 pos 12068 buf 80000 | selfplay 114s train 4s (0.84 g/s) | elapsed 7:56:14 ETA 9:05:44
[iter 234/500] self-play 96 games @ 100 sims ...
[iter 234/500] loss 2.533 (p 2.439 v 0.094) | games 96 pos 11660 buf 80000 | selfplay 120s train 4s (0.80 g/s) | elapsed 7:58:19 ETA 9:03:44
[iter 235/500] self-play 96 games @ 100 sims ...
[iter 235/500] loss 2.507 (p 2.425 v 0.082) | games 96 pos 12730 buf 80000 | selfplay 120s train 4s (0.80 g/s) | elapsed 8:00:24 ETA 9:01:43
[iter 236/500] self-play 96 games @ 100 sims ...
[iter 236/500] loss 2.514 (p 2.421 v 0.093) | games 96 pos 11671 buf 80000 | selfplay 115s train 4s (0.84 g/s) | elapsed 8:02:23 ETA 8:59:37
[iter 237/500] self-play 96 games @ 100 sims ...
[iter 237/500] loss 2.529 (p 2.436 v 0.093) | games 96 pos 11812 buf 80000 | selfplay 116s train 4s (0.83 g/s) | elapsed 8:04:23 ETA 8:57:32
[iter 238/500] self-play 96 games @ 100 sims ...
[iter 238/500] loss 2.535 (p 2.436 v 0.099) | games 96 pos 12541 buf 80000 | selfplay 120s train 4s (0.80 g/s) | elapsed 8:06:28 ETA 8:55:32
[iter 239/500] self-play 96 games @ 100 sims ...
[iter 239/500] loss 2.517 (p 2.425 v 0.092) | games 96 pos 12244 buf 80000 | selfplay 118s train 4s (0.82 g/s) | elapsed 8:08:30 ETA 8:53:28
[iter 240/500] self-play 96 games @ 100 sims ...
[iter 240/500] loss 2.510 (p 2.417 v 0.093) | games 96 pos 12395 buf 80000 | selfplay 116s train 4s (0.83 g/s) | elapsed 8:10:31 ETA 8:51:23
[iter 241/500] self-play 96 games @ 100 sims ...
[iter 241/500] loss 2.508 (p 2.414 v 0.094) | games 96 pos 12464 buf 80000 | selfplay 121s train 4s (0.79 g/s) | elapsed 8:12:36 ETA 8:49:24
[iter 242/500] self-play 96 games @ 100 sims ...
[iter 242/500] loss 2.493 (p 2.392 v 0.101) | games 96 pos 12373 buf 80000 | selfplay 117s train 4s (0.82 g/s) | elapsed 8:14:38 ETA 8:47:20
[iter 243/500] self-play 96 games @ 100 sims ...
[iter 243/500] loss 2.466 (p 2.370 v 0.096) | games 96 pos 12544 buf 80000 | selfplay 119s train 4s (0.81 g/s) | elapsed 8:16:41 ETA 8:45:18
[iter 244/500] self-play 96 games @ 100 sims ...
[iter 244/500] loss 2.439 (p 2.344 v 0.096) | games 96 pos 12610 buf 80000 | selfplay 121s train 4s (0.80 g/s) | elapsed 8:18:47 ETA 8:43:18
[iter 245/500] self-play 96 games @ 100 sims ...
[iter 245/500] loss 2.450 (p 2.346 v 0.104) | games 96 pos 11825 buf 80000 | selfplay 114s train 4s (0.84 g/s) | elapsed 8:20:45 ETA 8:41:11
[iter 246/500] self-play 96 games @ 100 sims ...
[iter 246/500] loss 2.437 (p 2.341 v 0.096) | games 96 pos 13009 buf 80000 | selfplay 120s train 4s (0.80 g/s) | elapsed 8:22:49 ETA 8:39:10
[iter 247/500] self-play 96 games @ 100 sims ...
[iter 247/500] loss 2.429 (p 2.332 v 0.097) | games 96 pos 12517 buf 80000 | selfplay 118s train 4s (0.82 g/s) | elapsed 8:24:51 ETA 8:37:07
[iter 248/500] self-play 96 games @ 100 sims ...
[iter 248/500] loss 2.433 (p 2.336 v 0.097) | games 96 pos 11689 buf 80000 | selfplay 114s train 4s (0.85 g/s) | elapsed 8:26:49 ETA 8:35:00
[iter 249/500] self-play 96 games @ 100 sims ...
[iter 249/500] loss 2.440 (p 2.340 v 0.100) | games 96 pos 12036 buf 80000 | selfplay 121s train 4s (0.79 g/s) | elapsed 8:28:55 ETA 8:33:00
[iter 250/500] self-play 96 games @ 100 sims ...
[iter 250/500] loss 2.456 (p 2.354 v 0.101) | games 96 pos 12357 buf 80000 | selfplay 124s train 4s (0.77 g/s) | elapsed 8:31:04 ETA 8:31:04
[iter 251/500] self-play 96 games @ 100 sims ...
[iter 251/500] loss 2.461 (p 2.355 v 0.106) | games 96 pos 11947 buf 80000 | selfplay 122s train 4s (0.79 g/s) | elapsed 8:33:10 ETA 8:29:05
[iter 252/500] self-play 96 games @ 100 sims ...
[iter 252/500] loss 2.463 (p 2.361 v 0.101) | games 96 pos 11569 buf 80000 | selfplay 113s train 4s (0.85 g/s) | elapsed 8:35:08 ETA 8:26:57
[iter 253/500] self-play 96 games @ 100 sims ...
[iter 253/500] loss 2.462 (p 2.362 v 0.100) | games 96 pos 13794 buf 80000 | selfplay 126s train 4s (0.76 g/s) | elapsed 8:37:18 ETA 8:25:02
[iter 254/500] self-play 96 games @ 100 sims ...
[iter 254/500] loss 2.453 (p 2.349 v 0.104) | games 96 pos 12766 buf 80000 | selfplay 123s train 4s (0.78 g/s) | elapsed 8:39:26 ETA 8:23:04
[iter 255/500] self-play 96 games @ 100 sims ...
[iter 255/500] loss 2.430 (p 2.335 v 0.094) | games 96 pos 12979 buf 80000 | selfplay 120s train 4s (0.80 g/s) | elapsed 8:41:31 ETA 8:21:03
[iter 256/500] self-play 96 games @ 100 sims ...
[iter 256/500] loss 2.437 (p 2.339 v 0.098) | games 96 pos 12410 buf 80000 | selfplay 122s train 4s (0.79 g/s) | elapsed 8:43:37 ETA 8:19:05
[iter 257/500] self-play 96 games @ 100 sims ...
[iter 257/500] loss 2.435 (p 2.330 v 0.105) | games 96 pos 12527 buf 80000 | selfplay 119s train 4s (0.81 g/s) | elapsed 8:45:41 ETA 8:17:03
[iter 258/500] self-play 96 games @ 100 sims ...
[iter 258/500] loss 2.420 (p 2.317 v 0.103) | games 96 pos 12455 buf 80000 | selfplay 119s train 4s (0.81 g/s) | elapsed 8:47:45 ETA 8:15:01
[iter 259/500] self-play 96 games @ 100 sims ...
[iter 259/500] loss 2.440 (p 2.332 v 0.108) | games 96 pos 12887 buf 80000 | selfplay 120s train 4s (0.80 g/s) | elapsed 8:49:49 ETA 8:12:59
[iter 260/500] self-play 96 games @ 100 sims ...
[iter 260/500] loss 2.447 (p 2.341 v 0.106) | games 96 pos 11315 buf 80000 | selfplay 114s train 4s (0.84 g/s) | elapsed 8:51:47 ETA 8:10:52
[iter 261/500] self-play 96 games @ 100 sims ...
[iter 261/500] loss 2.451 (p 2.350 v 0.100) | games 96 pos 12848 buf 80000 | selfplay 121s train 4s (0.79 g/s) | elapsed 8:53:53 ETA 8:08:52
[iter 262/500] self-play 96 games @ 100 sims ...
[iter 262/500] loss 2.458 (p 2.357 v 0.101) | games 96 pos 12377 buf 80000 | selfplay 118s train 4s (0.82 g/s) | elapsed 8:55:55 ETA 8:06:49
[iter 263/500] self-play 96 games @ 100 sims ...
[iter 263/500] loss 2.457 (p 2.365 v 0.093) | games 96 pos 11929 buf 80000 | selfplay 115s train 4s (0.83 g/s) | elapsed 8:57:54 ETA 8:04:43
[iter 264/500] self-play 96 games @ 100 sims ...
[iter 264/500] loss 2.462 (p 2.366 v 0.096) | games 96 pos 11635 buf 80000 | selfplay 114s train 4s (0.84 g/s) | elapsed 8:59:52 ETA 8:02:37
[iter 265/500] self-play 96 games @ 100 sims ...
[iter 265/500] loss 2.460 (p 2.362 v 0.098) | games 96 pos 11443 buf 80000 | selfplay 115s train 4s (0.84 g/s) | elapsed 9:01:52 ETA 8:00:31
[iter 266/500] self-play 96 games @ 100 sims ...
[iter 266/500] loss 2.456 (p 2.359 v 0.097) | games 96 pos 12257 buf 80000 | selfplay 118s train 4s (0.81 g/s) | elapsed 9:03:55 ETA 7:58:29
[iter 267/500] self-play 96 games @ 100 sims ...
[iter 267/500] loss 2.448 (p 2.355 v 0.092) | games 96 pos 12369 buf 80000 | selfplay 118s train 4s (0.81 g/s) | elapsed 9:05:57 ETA 7:56:26
[iter 268/500] self-play 96 games @ 100 sims ...
[iter 268/500] loss 2.446 (p 2.356 v 0.090) | games 96 pos 12581 buf 80000 | selfplay 124s train 4s (0.77 g/s) | elapsed 9:08:06 ETA 7:54:28
[iter 269/500] self-play 96 games @ 100 sims ...
[iter 269/500] loss 2.427 (p 2.342 v 0.085) | games 96 pos 12693 buf 80000 | selfplay 123s train 4s (0.78 g/s) | elapsed 9:10:13 ETA 7:52:30
[iter 270/500] self-play 96 games @ 100 sims ...
[iter 270/500] loss 2.407 (p 2.327 v 0.080) | games 96 pos 13135 buf 80000 | selfplay 121s train 4s (0.79 g/s) | elapsed 9:12:19 ETA 7:50:29
[iter 271/500] self-play 96 games @ 100 sims ...
[iter 271/500] loss 2.418 (p 2.330 v 0.088) | games 96 pos 12878 buf 80000 | selfplay 117s train 4s (0.82 g/s) | elapsed 9:14:20 ETA 7:48:25
[iter 272/500] self-play 96 games @ 100 sims ...
[iter 272/500] loss 2.436 (p 2.340 v 0.096) | games 96 pos 12430 buf 80000 | selfplay 116s train 4s (0.82 g/s) | elapsed 9:16:21 ETA 7:46:21
[iter 273/500] self-play 96 games @ 100 sims ...
[iter 273/500] loss 2.424 (p 2.340 v 0.085) | games 96 pos 13154 buf 80000 | selfplay 120s train 4s (0.80 g/s) | elapsed 9:18:26 ETA 7:44:20
[iter 274/500] self-play 96 games @ 100 sims ...
[iter 274/500] loss 2.438 (p 2.339 v 0.098) | games 96 pos 12424 buf 80000 | selfplay 118s train 4s (0.81 g/s) | elapsed 9:20:29 ETA 7:42:18
[iter 275/500] self-play 96 games @ 100 sims ...
[iter 275/500] loss 2.445 (p 2.343 v 0.102) | games 96 pos 12085 buf 80000 | selfplay 121s train 4s (0.80 g/s) | elapsed 9:22:34 ETA 7:40:17
[iter 276/500] self-play 96 games @ 100 sims ...
[iter 276/500] loss 2.459 (p 2.364 v 0.095) | games 96 pos 12802 buf 80000 | selfplay 119s train 4s (0.81 g/s) | elapsed 9:24:37 ETA 7:38:15
[iter 277/500] self-play 96 games @ 100 sims ...
[iter 277/500] loss 2.457 (p 2.364 v 0.094) | games 96 pos 12183 buf 80000 | selfplay 116s train 4s (0.83 g/s) | elapsed 9:26:38 ETA 7:36:10
[iter 278/500] self-play 96 games @ 100 sims ...
[iter 278/500] loss 2.454 (p 2.361 v 0.093) | games 96 pos 12750 buf 80000 | selfplay 121s train 4s (0.80 g/s) | elapsed 9:28:43 ETA 7:34:09
[iter 279/500] self-play 96 games @ 100 sims ...
[iter 279/500] loss 2.457 (p 2.360 v 0.097) | games 96 pos 12737 buf 80000 | selfplay 123s train 4s (0.78 g/s) | elapsed 9:30:51 ETA 7:32:10
[iter 280/500] self-play 96 games @ 100 sims ...
[iter 280/500] loss 2.448 (p 2.350 v 0.098) | games 96 pos 12288 buf 80000 | selfplay 118s train 4s (0.81 g/s) | elapsed 9:32:53 ETA 7:30:07
[iter 281/500] self-play 96 games @ 100 sims ...
[iter 281/500] loss 2.435 (p 2.344 v 0.091) | games 96 pos 11744 buf 80000 | selfplay 117s train 4s (0.82 g/s) | elapsed 9:34:55 ETA 7:28:04
[iter 282/500] self-play 96 games @ 100 sims ...
[iter 282/500] loss 2.424 (p 2.333 v 0.091) | games 96 pos 12485 buf 80000 | selfplay 118s train 4s (0.81 g/s) | elapsed 9:36:57 ETA 7:26:01
[iter 283/500] self-play 96 games @ 100 sims ...
[iter 283/500] loss 2.438 (p 2.340 v 0.097) | games 96 pos 11721 buf 80000 | selfplay 113s train 4s (0.85 g/s) | elapsed 9:38:55 ETA 7:23:54
[iter 284/500] self-play 96 games @ 100 sims ...
[iter 284/500] loss 2.450 (p 2.354 v 0.096) | games 96 pos 12223 buf 80000 | selfplay 118s train 4s (0.81 g/s) | elapsed 9:40:58 ETA 7:21:51
[iter 285/500] self-play 96 games @ 100 sims ...
[iter 285/500] loss 2.448 (p 2.358 v 0.091) | games 96 pos 12296 buf 80000 | selfplay 117s train 4s (0.82 g/s) | elapsed 9:42:59 ETA 7:19:48
[iter 286/500] self-play 96 games @ 100 sims ...
[iter 286/500] loss 2.463 (p 2.373 v 0.090) | games 96 pos 12617 buf 80000 | selfplay 117s train 4s (0.82 g/s) | elapsed 9:45:01 ETA 7:17:44
[iter 287/500] self-play 96 games @ 100 sims ...
[iter 287/500] loss 2.474 (p 2.379 v 0.095) | games 96 pos 12924 buf 80000 | selfplay 120s train 4s (0.80 g/s) | elapsed 9:47:05 ETA 7:15:43
[iter 288/500] self-play 96 games @ 100 sims ...
[iter 288/500] loss 2.473 (p 2.380 v 0.093) | games 96 pos 12490 buf 80000 | selfplay 118s train 4s (0.82 g/s) | elapsed 9:49:08 ETA 7:13:40
[iter 289/500] self-play 96 games @ 100 sims ...
[iter 289/500] loss 2.471 (p 2.381 v 0.090) | games 96 pos 12268 buf 80000 | selfplay 119s train 4s (0.81 g/s) | elapsed 9:51:11 ETA 7:11:37
[iter 290/500] self-play 96 games @ 100 sims ...
[iter 290/500] loss 2.457 (p 2.370 v 0.087) | games 96 pos 12082 buf 80000 | selfplay 116s train 4s (0.82 g/s) | elapsed 9:53:12 ETA 7:09:33
[iter 291/500] self-play 96 games @ 100 sims ...
[iter 291/500] loss 2.467 (p 2.372 v 0.095) | games 96 pos 11538 buf 80000 | selfplay 114s train 4s (0.85 g/s) | elapsed 9:55:10 ETA 7:07:27
[iter 292/500] self-play 96 games @ 100 sims ...
[iter 292/500] loss 2.484 (p 2.389 v 0.095) | games 96 pos 11747 buf 80000 | selfplay 116s train 4s (0.83 g/s) | elapsed 9:57:11 ETA 7:05:23
[iter 293/500] self-play 96 games @ 100 sims ...
[iter 293/500] loss 2.478 (p 2.387 v 0.091) | games 96 pos 12074 buf 80000 | selfplay 117s train 4s (0.82 g/s) | elapsed 9:59:13 ETA 7:03:20
[iter 294/500] self-play 96 games @ 100 sims ...
[iter 294/500] loss 2.480 (p 2.390 v 0.090) | games 96 pos 11860 buf 80000 | selfplay 114s train 4s (0.84 g/s) | elapsed 10:01:11 ETA 7:01:14
[iter 295/500] self-play 96 games @ 100 sims ...
[iter 295/500] loss 2.495 (p 2.402 v 0.093) | games 96 pos 11910 buf 80000 | selfplay 114s train 4s (0.84 g/s) | elapsed 10:03:10 ETA 6:59:09
[iter 296/500] self-play 96 games @ 100 sims ...
[iter 296/500] loss 2.496 (p 2.404 v 0.092) | games 96 pos 12709 buf 80000 | selfplay 118s train 4s (0.81 g/s) | elapsed 10:05:13 ETA 6:57:06
[iter 297/500] self-play 96 games @ 100 sims ...
[iter 297/500] loss 2.492 (p 2.397 v 0.095) | games 96 pos 12067 buf 80000 | selfplay 120s train 4s (0.80 g/s) | elapsed 10:07:17 ETA 6:55:05
[iter 298/500] self-play 96 games @ 100 sims ...
[iter 298/500] loss 2.483 (p 2.396 v 0.087) | games 96 pos 11842 buf 80000 | selfplay 116s train 4s (0.83 g/s) | elapsed 10:09:18 ETA 6:53:00
[iter 299/500] self-play 96 games @ 100 sims ...
[iter 299/500] loss 2.474 (p 2.392 v 0.082) | games 96 pos 13042 buf 80000 | selfplay 121s train 4s (0.79 g/s) | elapsed 10:11:23 ETA 6:51:00
[iter 300/500] self-play 96 games @ 100 sims ...
[iter 300/500] loss 2.477 (p 2.388 v 0.089) | games 96 pos 12085 buf 80000 | selfplay 118s train 4s (0.81 g/s) | elapsed 10:13:26 ETA 6:48:57
[iter 301/500] self-play 96 games @ 100 sims ...
[iter 301/500] loss 2.466 (p 2.369 v 0.097) | games 96 pos 11780 buf 80000 | selfplay 115s train 4s (0.83 g/s) | elapsed 10:15:26 ETA 6:46:53
[iter 302/500] self-play 96 games @ 100 sims ...
[iter 302/500] loss 2.463 (p 2.365 v 0.098) | games 96 pos 12904 buf 80000 | selfplay 120s train 4s (0.80 g/s) | elapsed 10:17:31 ETA 6:44:51
[iter 303/500] self-play 96 games @ 100 sims ...
[iter 303/500] loss 2.458 (p 2.365 v 0.093) | games 96 pos 12377 buf 80000 | selfplay 123s train 4s (0.78 g/s) | elapsed 10:19:38 ETA 6:42:52
[iter 304/500] self-play 96 games @ 100 sims ...
[iter 304/500] loss 2.436 (p 2.349 v 0.087) | games 96 pos 12282 buf 80000 | selfplay 117s train 4s (0.82 g/s) | elapsed 10:21:40 ETA 6:40:48
[iter 305/500] self-play 96 games @ 100 sims ...
[iter 305/500] loss 2.441 (p 2.347 v 0.095) | games 96 pos 12710 buf 80000 | selfplay 119s train 4s (0.81 g/s) | elapsed 10:23:43 ETA 6:38:46
[iter 306/500] self-play 96 games @ 100 sims ...
[iter 306/500] loss 2.451 (p 2.350 v 0.101) | games 96 pos 12147 buf 80000 | selfplay 118s train 4s (0.81 g/s) | elapsed 10:25:46 ETA 6:36:43
[iter 307/500] self-play 96 games @ 100 sims ...
[iter 307/500] loss 2.445 (p 2.349 v 0.096) | games 96 pos 12687 buf 80000 | selfplay 121s train 4s (0.80 g/s) | elapsed 10:27:51 ETA 6:34:42
[iter 308/500] self-play 96 games @ 100 sims ...
[iter 308/500] loss 2.459 (p 2.365 v 0.094) | games 96 pos 12597 buf 80000 | selfplay 121s train 4s (0.79 g/s) | elapsed 10:29:57 ETA 6:32:41
[iter 309/500] self-play 96 games @ 100 sims ...
[iter 309/500] loss 2.449 (p 2.359 v 0.089) | games 96 pos 11326 buf 80000 | selfplay 119s train 4s (0.81 g/s) | elapsed 10:32:00 ETA 6:30:39
[iter 310/500] self-play 96 games @ 100 sims ...
[iter 310/500] loss 2.456 (p 2.367 v 0.090) | games 96 pos 12330 buf 80000 | selfplay 118s train 4s (0.81 g/s) | elapsed 10:34:03 ETA 6:28:36
[iter 311/500] self-play 96 games @ 100 sims ...
[iter 311/500] loss 2.458 (p 2.362 v 0.097) | games 96 pos 12351 buf 80000 | selfplay 126s train 4s (0.77 g/s) | elapsed 10:36:13 ETA 6:26:38
[iter 312/500] self-play 96 games @ 100 sims ...
[iter 312/500] loss 2.453 (p 2.360 v 0.093) | games 96 pos 12837 buf 80000 | selfplay 120s train 4s (0.80 g/s) | elapsed 10:38:17 ETA 6:24:36
[iter 313/500] self-play 96 games @ 100 sims ...
[iter 313/500] loss 2.445 (p 2.355 v 0.090) | games 96 pos 12605 buf 80000 | selfplay 123s train 4s (0.78 g/s) | elapsed 10:40:24 ETA 6:22:36
[iter 314/500] self-play 96 games @ 100 sims ...
[iter 314/500] loss 2.444 (p 2.356 v 0.088) | games 96 pos 12007 buf 80000 | selfplay 114s train 4s (0.85 g/s) | elapsed 10:42:22 ETA 6:20:30
[iter 315/500] self-play 96 games @ 100 sims ...
[iter 315/500] loss 2.446 (p 2.362 v 0.084) | games 96 pos 12512 buf 80000 | selfplay 118s train 4s (0.82 g/s) | elapsed 10:44:24 ETA 6:18:27
[iter 316/500] self-play 96 games @ 100 sims ...
[iter 316/500] loss 2.450 (p 2.361 v 0.090) | games 96 pos 11658 buf 80000 | selfplay 116s train 4s (0.83 g/s) | elapsed 10:46:24 ETA 6:16:23
[iter 317/500] self-play 96 games @ 100 sims ...
[iter 317/500] loss 2.466 (p 2.372 v 0.093) | games 96 pos 11607 buf 80000 | selfplay 114s train 4s (0.84 g/s) | elapsed 10:48:23 ETA 6:14:18
[iter 318/500] self-play 96 games @ 100 sims ...
[iter 318/500] loss 2.467 (p 2.376 v 0.091) | games 96 pos 11676 buf 80000 | selfplay 117s train 4s (0.82 g/s) | elapsed 10:50:25 ETA 6:12:15
[iter 319/500] self-play 96 games @ 100 sims ...
[iter 319/500] loss 2.472 (p 2.379 v 0.093) | games 96 pos 12525 buf 80000 | selfplay 118s train 4s (0.81 g/s) | elapsed 10:52:27 ETA 6:10:12
[iter 320/500] self-play 96 games @ 100 sims ...
[iter 320/500] loss 2.467 (p 2.380 v 0.088) | games 96 pos 12522 buf 80000 | selfplay 121s train 4s (0.80 g/s) | elapsed 10:54:32 ETA 6:08:10
[iter 321/500] self-play 96 games @ 100 sims ...
[iter 321/500] loss 2.451 (p 2.370 v 0.081) | games 96 pos 13235 buf 80000 | selfplay 121s train 4s (0.79 g/s) | elapsed 10:56:38 ETA 6:06:09
[iter 322/500] self-play 96 games @ 100 sims ...
[iter 322/500] loss 2.467 (p 2.373 v 0.094) | games 96 pos 12077 buf 80000 | selfplay 115s train 4s (0.84 g/s) | elapsed 10:58:37 ETA 6:04:05
[iter 323/500] self-play 96 games @ 100 sims ...
[iter 323/500] loss 2.450 (p 2.362 v 0.087) | games 96 pos 12500 buf 80000 | selfplay 118s train 4s (0.81 g/s) | elapsed 11:00:40 ETA 6:02:02
[iter 324/500] self-play 96 games @ 100 sims ...
[iter 324/500] loss 2.458 (p 2.369 v 0.089) | games 96 pos 13076 buf 80000 | selfplay 120s train 4s (0.80 g/s) | elapsed 11:02:44 ETA 6:00:00
[iter 325/500] self-play 96 games @ 100 sims ...
[iter 325/500] loss 2.459 (p 2.376 v 0.082) | games 96 pos 12692 buf 80000 | selfplay 119s train 4s (0.80 g/s) | elapsed 11:04:48 ETA 5:57:58
[iter 326/500] self-play 96 games @ 100 sims ...
[iter 326/500] loss 2.465 (p 2.379 v 0.086) | games 96 pos 12037 buf 80000 | selfplay 113s train 4s (0.85 g/s) | elapsed 11:06:46 ETA 5:55:52
[iter 327/500] self-play 96 games @ 100 sims ...
[iter 327/500] loss 2.477 (p 2.384 v 0.093) | games 96 pos 12915 buf 80000 | selfplay 122s train 4s (0.78 g/s) | elapsed 11:08:53 ETA 5:53:52
[iter 328/500] self-play 96 games @ 100 sims ...
[iter 328/500] loss 2.488 (p 2.397 v 0.091) | games 96 pos 12307 buf 80000 | selfplay 121s train 4s (0.79 g/s) | elapsed 11:10:58 ETA 5:51:51
[iter 329/500] self-play 96 games @ 100 sims ...
[iter 329/500] loss 2.481 (p 2.394 v 0.087) | games 96 pos 12600 buf 80000 | selfplay 120s train 4s (0.80 g/s) | elapsed 11:13:03 ETA 5:49:49
[iter 330/500] self-play 96 games @ 100 sims ...
[iter 330/500] loss 2.479 (p 2.398 v 0.081) | games 96 pos 12461 buf 80000 | selfplay 121s train 4s (0.79 g/s) | elapsed 11:15:09 ETA 5:47:48
[iter 331/500] self-play 96 games @ 100 sims ...
[iter 331/500] loss 2.473 (p 2.389 v 0.084) | games 96 pos 12424 buf 80000 | selfplay 120s train 4s (0.80 g/s) | elapsed 11:17:13 ETA 5:45:46
[iter 332/500] self-play 96 games @ 100 sims ...
[iter 332/500] loss 2.485 (p 2.392 v 0.093) | games 96 pos 11967 buf 80000 | selfplay 118s train 4s (0.82 g/s) | elapsed 11:19:15 ETA 5:43:43
[iter 333/500] self-play 96 games @ 100 sims ...
[iter 333/500] loss 2.489 (p 2.406 v 0.083) | games 96 pos 12932 buf 80000 | selfplay 122s train 4s (0.79 g/s) | elapsed 11:21:22 ETA 5:41:42
[iter 334/500] self-play 96 games @ 100 sims ...
[iter 334/500] loss 2.482 (p 2.407 v 0.075) | games 96 pos 12718 buf 80000 | selfplay 123s train 4s (0.78 g/s) | elapsed 11:23:29 ETA 5:39:42
[iter 335/500] self-play 96 games @ 100 sims ...
[iter 335/500] loss 2.496 (p 2.405 v 0.091) | games 96 pos 11803 buf 80000 | selfplay 117s train 4s (0.82 g/s) | elapsed 11:25:31 ETA 5:37:38
[iter 336/500] self-play 96 games @ 100 sims ...
[iter 336/500] loss 2.510 (p 2.418 v 0.092) | games 96 pos 11855 buf 80000 | selfplay 120s train 4s (0.80 g/s) | elapsed 11:27:35 ETA 5:35:36
[iter 337/500] self-play 96 games @ 100 sims ...
[iter 337/500] loss 2.517 (p 2.428 v 0.089) | games 96 pos 11695 buf 80000 | selfplay 111s train 4s (0.86 g/s) | elapsed 11:29:31 ETA 5:33:30
[iter 338/500] self-play 96 games @ 100 sims ...
[iter 338/500] loss 2.503 (p 2.420 v 0.083) | games 96 pos 12406 buf 80000 | selfplay 121s train 4s (0.80 g/s) | elapsed 11:31:36 ETA 5:31:29
[iter 339/500] self-play 96 games @ 100 sims ...
[iter 339/500] loss 2.508 (p 2.421 v 0.087) | games 96 pos 12113 buf 80000 | selfplay 119s train 4s (0.80 g/s) | elapsed 11:33:40 ETA 5:29:26
[iter 340/500] self-play 96 games @ 100 sims ...
[iter 340/500] loss 2.513 (p 2.422 v 0.091) | games 96 pos 12985 buf 80000 | selfplay 122s train 4s (0.79 g/s) | elapsed 11:35:46 ETA 5:27:25
[iter 341/500] self-play 96 games @ 100 sims ...
[iter 341/500] loss 2.510 (p 2.413 v 0.097) | games 96 pos 11259 buf 80000 | selfplay 110s train 4s (0.87 g/s) | elapsed 11:37:41 ETA 5:25:19
[iter 342/500] self-play 96 games @ 100 sims ...
[iter 342/500] loss 2.478 (p 2.393 v 0.086) | games 96 pos 13573 buf 80000 | selfplay 127s train 4s (0.76 g/s) | elapsed 11:39:53 ETA 5:23:20
[iter 343/500] self-play 96 games @ 100 sims ...
[iter 343/500] loss 2.451 (p 2.371 v 0.080) | games 96 pos 12765 buf 80000 | selfplay 121s train 4s (0.79 g/s) | elapsed 11:41:59 ETA 5:21:18
[iter 344/500] self-play 96 games @ 100 sims ...
[iter 344/500] loss 2.439 (p 2.356 v 0.084) | games 96 pos 12698 buf 80000 | selfplay 120s train 4s (0.80 g/s) | elapsed 11:44:03 ETA 5:19:17
[iter 345/500] self-play 96 games @ 100 sims ...
[iter 345/500] loss 2.443 (p 2.352 v 0.091) | games 96 pos 12462 buf 80000 | selfplay 117s train 4s (0.82 g/s) | elapsed 11:46:05 ETA 5:17:13
[iter 346/500] self-play 96 games @ 100 sims ...
[iter 346/500] loss 2.457 (p 2.362 v 0.095) | games 96 pos 12066 buf 80000 | selfplay 118s train 4s (0.81 g/s) | elapsed 11:48:08 ETA 5:15:10
[iter 347/500] self-play 96 games @ 100 sims ...
[iter 347/500] loss 2.448 (p 2.363 v 0.085) | games 96 pos 12779 buf 80000 | selfplay 126s train 4s (0.77 g/s) | elapsed 11:50:18 ETA 5:13:11
[iter 348/500] self-play 96 games @ 100 sims ...
[iter 348/500] loss 2.478 (p 2.381 v 0.097) | games 96 pos 12778 buf 80000 | selfplay 118s train 4s (0.81 g/s) | elapsed 11:52:20 ETA 5:11:08
[iter 349/500] self-play 96 games @ 100 sims ...
[iter 349/500] loss 2.482 (p 2.389 v 0.093) | games 96 pos 13623 buf 80000 | selfplay 126s train 4s (0.77 g/s) | elapsed 11:54:30 ETA 5:09:08
[iter 350/500] self-play 96 games @ 100 sims ...
[iter 350/500] loss 2.487 (p 2.394 v 0.094) | games 96 pos 11734 buf 80000 | selfplay 117s train 4s (0.82 g/s) | elapsed 11:56:32 ETA 5:07:05
[iter 351/500] self-play 96 games @ 100 sims ...
[iter 351/500] loss 2.478 (p 2.383 v 0.095) | games 96 pos 11868 buf 80000 | selfplay 116s train 4s (0.83 g/s) | elapsed 11:58:32 ETA 5:05:01
[iter 352/500] self-play 96 games @ 100 sims ...
[iter 352/500] loss 2.471 (p 2.383 v 0.088) | games 96 pos 13086 buf 80000 | selfplay 123s train 4s (0.78 g/s) | elapsed 12:00:40 ETA 5:03:00
[iter 353/500] self-play 96 games @ 100 sims ...
[iter 353/500] loss 2.466 (p 2.373 v 0.094) | games 96 pos 12650 buf 80000 | selfplay 120s train 4s (0.80 g/s) | elapsed 12:02:45 ETA 5:00:58
[iter 354/500] self-play 96 games @ 100 sims ...
[iter 354/500] loss 2.464 (p 2.372 v 0.092) | games 96 pos 12119 buf 80000 | selfplay 119s train 4s (0.81 g/s) | elapsed 12:04:48 ETA 4:58:55
[iter 355/500] self-play 96 games @ 100 sims ...
[iter 355/500] loss 2.460 (p 2.369 v 0.091) | games 96 pos 11995 buf 80000 | selfplay 119s train 4s (0.81 g/s) | elapsed 12:06:52 ETA 4:56:53
[iter 356/500] self-play 96 games @ 100 sims ...
[iter 356/500] loss 2.489 (p 2.384 v 0.105) | games 96 pos 13085 buf 80000 | selfplay 120s train 4s (0.80 g/s) | elapsed 12:08:56 ETA 4:54:51
[iter 357/500] self-play 96 games @ 100 sims ...
[iter 357/500] loss 2.479 (p 2.383 v 0.096) | games 96 pos 12640 buf 80000 | selfplay 123s train 4s (0.78 g/s) | elapsed 12:11:03 ETA 4:52:49
[iter 358/500] self-play 96 games @ 100 sims ...
[iter 358/500] loss 2.464 (p 2.376 v 0.088) | games 96 pos 12316 buf 80000 | selfplay 118s train 4s (0.81 g/s) | elapsed 12:13:05 ETA 4:50:46
[iter 359/500] self-play 96 games @ 100 sims ...
[iter 359/500] loss 2.470 (p 2.373 v 0.097) | games 96 pos 12349 buf 80000 | selfplay 119s train 4s (0.81 g/s) | elapsed 12:15:09 ETA 4:48:44
[iter 360/500] self-play 96 games @ 100 sims ...
[iter 360/500] loss 2.470 (p 2.376 v 0.093) | games 96 pos 12501 buf 80000 | selfplay 123s train 4s (0.78 g/s) | elapsed 12:17:16 ETA 4:46:43
[iter 361/500] self-play 96 games @ 100 sims ...
[iter 361/500] loss 2.450 (p 2.361 v 0.089) | games 96 pos 12712 buf 80000 | selfplay 121s train 4s (0.79 g/s) | elapsed 12:19:22 ETA 4:44:41
[iter 362/500] self-play 96 games @ 100 sims ...
[iter 362/500] loss 2.447 (p 2.365 v 0.082) | games 96 pos 12839 buf 80000 | selfplay 125s train 4s (0.77 g/s) | elapsed 12:21:32 ETA 4:42:41
[iter 363/500] self-play 96 games @ 100 sims ...
[iter 363/500] loss 2.434 (p 2.352 v 0.082) | games 96 pos 13743 buf 80000 | selfplay 123s train 4s (0.78 g/s) | elapsed 12:23:39 ETA 4:40:39
[iter 364/500] self-play 96 games @ 100 sims ...
[iter 364/500] loss 2.423 (p 2.337 v 0.086) | games 96 pos 12305 buf 80000 | selfplay 121s train 4s (0.79 g/s) | elapsed 12:25:45 ETA 4:38:38
[iter 365/500] self-play 96 games @ 100 sims ...
[iter 365/500] loss 2.432 (p 2.337 v 0.095) | games 96 pos 11980 buf 80000 | selfplay 118s train 4s (0.81 g/s) | elapsed 12:27:48 ETA 4:36:35
[iter 366/500] self-play 96 games @ 100 sims ...
[iter 366/500] loss 2.437 (p 2.348 v 0.089) | games 96 pos 13224 buf 80000 | selfplay 125s train 4s (0.77 g/s) | elapsed 12:29:57 ETA 4:34:34
[iter 367/500] self-play 96 games @ 100 sims ...
[iter 367/500] loss 2.424 (p 2.342 v 0.083) | games 96 pos 12245 buf 80000 | selfplay 120s train 4s (0.80 g/s) | elapsed 12:32:02 ETA 4:32:32
[iter 368/500] self-play 96 games @ 100 sims ...
[iter 368/500] loss 2.448 (p 2.356 v 0.091) | games 96 pos 12346 buf 80000 | selfplay 117s train 4s (0.82 g/s) | elapsed 12:34:04 ETA 4:30:29
[iter 369/500] self-play 96 games @ 100 sims ...
[iter 369/500] loss 2.451 (p 2.369 v 0.082) | games 96 pos 12783 buf 80000 | selfplay 119s train 4s (0.81 g/s) | elapsed 12:36:07 ETA 4:28:26
[iter 370/500] self-play 96 games @ 100 sims ...
[iter 370/500] loss 2.478 (p 2.388 v 0.090) | games 96 pos 12581 buf 80000 | selfplay 119s train 4s (0.81 g/s) | elapsed 12:38:11 ETA 4:26:23
[iter 371/500] self-play 96 games @ 100 sims ...
[iter 371/500] loss 2.477 (p 2.392 v 0.085) | games 96 pos 12215 buf 80000 | selfplay 118s train 4s (0.81 g/s) | elapsed 12:40:13 ETA 4:24:20
[iter 372/500] self-play 96 games @ 100 sims ...
[iter 372/500] loss 2.492 (p 2.407 v 0.084) | games 96 pos 12222 buf 80000 | selfplay 122s train 4s (0.79 g/s) | elapsed 12:42:19 ETA 4:22:18
[iter 373/500] self-play 96 games @ 100 sims ...
[iter 373/500] loss 2.501 (p 2.418 v 0.083) | games 96 pos 12234 buf 80000 | selfplay 120s train 4s (0.80 g/s) | elapsed 12:44:23 ETA 4:20:15
[iter 374/500] self-play 96 games @ 100 sims ...
[iter 374/500] loss 2.517 (p 2.434 v 0.083) | games 96 pos 12195 buf 80000 | selfplay 119s train 4s (0.81 g/s) | elapsed 12:46:26 ETA 4:18:12
[iter 375/500] self-play 96 games @ 100 sims ...
[iter 375/500] loss 2.525 (p 2.438 v 0.087) | games 96 pos 12381 buf 80000 | selfplay 117s train 4s (0.82 g/s) | elapsed 12:48:28 ETA 4:16:09
[iter 376/500] self-play 96 games @ 100 sims ...
[iter 376/500] loss 2.532 (p 2.445 v 0.087) | games 96 pos 11726 buf 80000 | selfplay 118s train 4s (0.81 g/s) | elapsed 12:50:31 ETA 4:14:06
[iter 377/500] self-play 96 games @ 100 sims ...
[iter 377/500] loss 2.528 (p 2.442 v 0.086) | games 96 pos 11305 buf 80000 | selfplay 115s train 4s (0.83 g/s) | elapsed 12:52:31 ETA 4:12:02
[iter 378/500] self-play 96 games @ 100 sims ...
[iter 378/500] loss 2.527 (p 2.434 v 0.094) | games 96 pos 11904 buf 80000 | selfplay 123s train 4s (0.78 g/s) | elapsed 12:54:38 ETA 4:10:00
[iter 379/500] self-play 96 games @ 100 sims ...
[iter 379/500] loss 2.518 (p 2.429 v 0.089) | games 96 pos 11932 buf 80000 | selfplay 116s train 4s (0.83 g/s) | elapsed 12:56:38 ETA 4:07:57
[iter 380/500] self-play 96 games @ 100 sims ...
[iter 380/500] loss 2.511 (p 2.424 v 0.087) | games 96 pos 12632 buf 80000 | selfplay 120s train 4s (0.80 g/s) | elapsed 12:58:42 ETA 4:05:54
[iter 381/500] self-play 96 games @ 100 sims ...
[iter 381/500] loss 2.487 (p 2.403 v 0.085) | games 96 pos 13186 buf 80000 | selfplay 123s train 4s (0.78 g/s) | elapsed 13:00:50 ETA 4:03:52
[iter 382/500] self-play 96 games @ 100 sims ...
[iter 382/500] loss 2.472 (p 2.391 v 0.082) | games 96 pos 11681 buf 80000 | selfplay 117s train 4s (0.82 g/s) | elapsed 13:02:51 ETA 4:01:49
[iter 383/500] self-play 96 games @ 100 sims ...
[iter 383/500] loss 2.475 (p 2.389 v 0.086) | games 96 pos 12539 buf 80000 | selfplay 121s train 4s (0.79 g/s) | elapsed 13:04:56 ETA 3:59:47
[iter 384/500] self-play 96 games @ 100 sims ...
[iter 384/500] loss 2.461 (p 2.379 v 0.083) | games 96 pos 12742 buf 80000 | selfplay 120s train 4s (0.80 g/s) | elapsed 13:07:01 ETA 3:57:44
[iter 385/500] self-play 96 games @ 100 sims ...
[iter 385/500] loss 2.465 (p 2.380 v 0.085) | games 96 pos 11940 buf 80000 | selfplay 112s train 4s (0.85 g/s) | elapsed 13:08:58 ETA 3:55:40
[iter 386/500] self-play 96 games @ 100 sims ...
[iter 386/500] loss 2.458 (p 2.377 v 0.081) | games 96 pos 12575 buf 80000 | selfplay 120s train 4s (0.80 g/s) | elapsed 13:11:03 ETA 3:53:37
[iter 387/500] self-play 96 games @ 100 sims ...
[iter 387/500] loss 2.462 (p 2.380 v 0.082) | games 96 pos 12518 buf 80000 | selfplay 119s train 4s (0.81 g/s) | elapsed 13:13:06 ETA 3:51:34
[iter 388/500] self-play 96 games @ 100 sims ...
[iter 388/500] loss 2.475 (p 2.385 v 0.090) | games 96 pos 12830 buf 80000 | selfplay 121s train 4s (0.80 g/s) | elapsed 13:15:12 ETA 3:49:32
[iter 389/500] self-play 96 games @ 100 sims ...
[iter 389/500] loss 2.463 (p 2.368 v 0.095) | games 96 pos 12438 buf 80000 | selfplay 119s train 4s (0.81 g/s) | elapsed 13:17:15 ETA 3:47:29
[iter 390/500] self-play 96 games @ 100 sims ...
[iter 390/500] loss 2.464 (p 2.368 v 0.095) | games 96 pos 12321 buf 80000 | selfplay 118s train 4s (0.81 g/s) | elapsed 13:19:17 ETA 3:45:26
[iter 391/500] self-play 96 games @ 100 sims ...
[iter 391/500] loss 2.464 (p 2.367 v 0.097) | games 96 pos 11351 buf 80000 | selfplay 119s train 4s (0.81 g/s) | elapsed 13:21:21 ETA 3:43:23
[iter 392/500] self-play 96 games @ 100 sims ...
[iter 392/500] loss 2.463 (p 2.372 v 0.091) | games 96 pos 11895 buf 80000 | selfplay 113s train 4s (0.85 g/s) | elapsed 13:23:19 ETA 3:41:19
[iter 393/500] self-play 96 games @ 100 sims ...
[iter 393/500] loss 2.464 (p 2.373 v 0.091) | games 96 pos 11224 buf 80000 | selfplay 114s train 4s (0.84 g/s) | elapsed 13:25:17 ETA 3:39:15
[iter 394/500] self-play 96 games @ 100 sims ...
[iter 394/500] loss 2.465 (p 2.375 v 0.091) | games 96 pos 13387 buf 80000 | selfplay 121s train 4s (0.79 g/s) | elapsed 13:27:23 ETA 3:37:12
[iter 395/500] self-play 96 games @ 100 sims ...
[iter 395/500] loss 2.456 (p 2.369 v 0.088) | games 96 pos 12090 buf 80000 | selfplay 116s train 4s (0.83 g/s) | elapsed 13:29:23 ETA 3:35:09
[iter 396/500] self-play 96 games @ 100 sims ...
[iter 396/500] loss 2.462 (p 2.372 v 0.090) | games 96 pos 12284 buf 80000 | selfplay 120s train 4s (0.80 g/s) | elapsed 13:31:27 ETA 3:33:06
[iter 397/500] self-play 96 games @ 100 sims ...
[iter 397/500] loss 2.470 (p 2.377 v 0.094) | games 96 pos 12644 buf 80000 | selfplay 116s train 4s (0.82 g/s) | elapsed 13:33:28 ETA 3:31:03
[iter 398/500] self-play 96 games @ 100 sims ...
[iter 398/500] loss 2.459 (p 2.368 v 0.091) | games 96 pos 13063 buf 80000 | selfplay 122s train 4s (0.79 g/s) | elapsed 13:35:34 ETA 3:29:01
[iter 399/500] self-play 96 games @ 100 sims ...
[iter 399/500] loss 2.440 (p 2.348 v 0.091) | games 96 pos 12441 buf 80000 | selfplay 117s train 4s (0.82 g/s) | elapsed 13:37:36 ETA 3:26:57
[iter 400/500] self-play 96 games @ 100 sims ...
[iter 400/500] loss 2.427 (p 2.341 v 0.086) | games 96 pos 13778 buf 80000 | selfplay 123s train 4s (0.78 g/s) | elapsed 13:39:44 ETA 3:24:56
[iter 401/500] self-play 96 games @ 100 sims ...
[iter 401/500] loss 2.421 (p 2.342 v 0.080) | games 96 pos 12574 buf 80000 | selfplay 124s train 4s (0.78 g/s) | elapsed 13:41:52 ETA 3:22:54
[iter 402/500] self-play 96 games @ 100 sims ...
[iter 402/500] loss 2.395 (p 2.318 v 0.077) | games 96 pos 12305 buf 80000 | selfplay 118s train 4s (0.81 g/s) | elapsed 13:43:54 ETA 3:20:51
[iter 403/500] self-play 96 games @ 100 sims ...
[iter 403/500] loss 2.398 (p 2.311 v 0.087) | games 96 pos 11708 buf 80000 | selfplay 116s train 4s (0.82 g/s) | elapsed 13:45:55 ETA 3:18:47
[iter 404/500] self-play 96 games @ 100 sims ...
[iter 404/500] loss 2.411 (p 2.322 v 0.089) | games 96 pos 12468 buf 80000 | selfplay 120s train 4s (0.80 g/s) | elapsed 13:48:00 ETA 3:16:45
[iter 405/500] self-play 96 games @ 100 sims ...
[iter 405/500] loss 2.404 (p 2.323 v 0.082) | games 96 pos 12563 buf 80000 | selfplay 120s train 4s (0.80 g/s) | elapsed 13:50:04 ETA 3:14:42
[iter 406/500] self-play 96 games @ 100 sims ...
[iter 406/500] loss 2.413 (p 2.323 v 0.090) | games 96 pos 11412 buf 80000 | selfplay 112s train 4s (0.86 g/s) | elapsed 13:52:00 ETA 3:12:38
[iter 407/500] self-play 96 games @ 100 sims ...
[iter 407/500] loss 2.434 (p 2.346 v 0.088) | games 96 pos 12163 buf 80000 | selfplay 115s train 4s (0.83 g/s) | elapsed 13:54:00 ETA 3:10:34
[iter 408/500] self-play 96 games @ 100 sims ...
[iter 408/500] loss 2.441 (p 2.354 v 0.088) | games 96 pos 12073 buf 80000 | selfplay 116s train 4s (0.82 g/s) | elapsed 13:56:01 ETA 3:08:30
[iter 409/500] self-play 96 games @ 100 sims ...
[iter 409/500] loss 2.467 (p 2.379 v 0.088) | games 96 pos 13368 buf 80000 | selfplay 124s train 4s (0.77 g/s) | elapsed 13:58:10 ETA 3:06:29
[iter 410/500] self-play 96 games @ 100 sims ...
[iter 410/500] loss 2.478 (p 2.382 v 0.095) | games 96 pos 12503 buf 80000 | selfplay 120s train 4s (0.80 g/s) | elapsed 14:00:14 ETA 3:04:26
[iter 411/500] self-play 96 games @ 100 sims ...
[iter 411/500] loss 2.470 (p 2.381 v 0.088) | games 96 pos 11584 buf 80000 | selfplay 113s train 4s (0.85 g/s) | elapsed 14:02:12 ETA 3:02:22
[iter 412/500] self-play 96 games @ 100 sims ...
[iter 412/500] loss 2.490 (p 2.392 v 0.098) | games 96 pos 12193 buf 80000 | selfplay 115s train 4s (0.83 g/s) | elapsed 14:04:12 ETA 3:00:18
[iter 413/500] self-play 96 games @ 100 sims ...
[iter 413/500] loss 2.469 (p 2.379 v 0.089) | games 96 pos 13144 buf 80000 | selfplay 122s train 4s (0.79 g/s) | elapsed 14:06:18 ETA 2:58:16
[iter 414/500] self-play 96 games @ 100 sims ...
[iter 414/500] loss 2.449 (p 2.361 v 0.088) | games 96 pos 12399 buf 80000 | selfplay 117s train 4s (0.82 g/s) | elapsed 14:08:20 ETA 2:56:13
[iter 415/500] self-play 96 games @ 100 sims ...
[iter 415/500] loss 2.436 (p 2.349 v 0.086) | games 96 pos 12230 buf 80000 | selfplay 119s train 4s (0.81 g/s) | elapsed 14:10:24 ETA 2:54:10
[iter 416/500] self-play 96 games @ 100 sims ...
[iter 416/500] loss 2.436 (p 2.351 v 0.085) | games 96 pos 12010 buf 80000 | selfplay 120s train 4s (0.80 g/s) | elapsed 14:12:28 ETA 2:52:08
[iter 417/500] self-play 96 games @ 100 sims ...
[iter 417/500] loss 2.441 (p 2.344 v 0.096) | games 96 pos 12571 buf 80000 | selfplay 117s train 4s (0.82 g/s) | elapsed 14:14:30 ETA 2:50:04
[iter 418/500] self-play 96 games @ 100 sims ...
[iter 418/500] loss 2.427 (p 2.330 v 0.098) | games 96 pos 12691 buf 80000 | selfplay 120s train 4s (0.80 g/s) | elapsed 14:16:34 ETA 2:48:02
[iter 419/500] self-play 96 games @ 100 sims ...
[iter 419/500] loss 2.402 (p 2.315 v 0.087) | games 96 pos 12472 buf 80000 | selfplay 120s train 4s (0.80 g/s) | elapsed 14:18:39 ETA 2:45:59
[iter 420/500] self-play 96 games @ 100 sims ...
[iter 420/500] loss 2.399 (p 2.320 v 0.079) | games 96 pos 13021 buf 80000 | selfplay 122s train 4s (0.78 g/s) | elapsed 14:20:46 ETA 2:43:57
[iter 421/500] self-play 96 games @ 100 sims ...
[iter 421/500] loss 2.406 (p 2.317 v 0.088) | games 96 pos 12315 buf 80000 | selfplay 124s train 4s (0.77 g/s) | elapsed 14:22:54 ETA 2:41:55
[iter 422/500] self-play 96 games @ 100 sims ...
[iter 422/500] loss 2.409 (p 2.321 v 0.088) | games 96 pos 12323 buf 80000 | selfplay 124s train 4s (0.78 g/s) | elapsed 14:25:03 ETA 2:39:53
[iter 423/500] self-play 96 games @ 100 sims ...
[iter 423/500] loss 2.423 (p 2.330 v 0.093) | games 96 pos 12637 buf 80000 | selfplay 119s train 4s (0.81 g/s) | elapsed 14:27:06 ETA 2:37:50
[iter 424/500] self-play 96 games @ 100 sims ...
[iter 424/500] loss 2.449 (p 2.354 v 0.095) | games 96 pos 12435 buf 80000 | selfplay 117s train 4s (0.82 g/s) | elapsed 14:29:07 ETA 2:35:47
[iter 425/500] self-play 96 games @ 100 sims ...
[iter 425/500] loss 2.446 (p 2.361 v 0.086) | games 96 pos 12607 buf 80000 | selfplay 116s train 4s (0.83 g/s) | elapsed 14:31:07 ETA 2:33:43
[iter 426/500] self-play 96 games @ 100 sims ...
[iter 426/500] loss 2.467 (p 2.379 v 0.088) | games 96 pos 12483 buf 80000 | selfplay 115s train 4s (0.83 g/s) | elapsed 14:33:07 ETA 2:31:40
[iter 427/500] self-play 96 games @ 100 sims ...
[iter 427/500] loss 2.479 (p 2.393 v 0.087) | games 96 pos 12765 buf 80000 | selfplay 119s train 4s (0.81 g/s) | elapsed 14:35:10 ETA 2:29:37
[iter 428/500] self-play 96 games @ 100 sims ...
[iter 428/500] loss 2.467 (p 2.381 v 0.086) | games 96 pos 11963 buf 80000 | selfplay 118s train 4s (0.82 g/s) | elapsed 14:37:12 ETA 2:27:34
[iter 429/500] self-play 96 games @ 100 sims ...
[iter 429/500] loss 2.468 (p 2.385 v 0.084) | games 96 pos 12846 buf 80000 | selfplay 120s train 4s (0.80 g/s) | elapsed 14:39:17 ETA 2:25:31
[iter 430/500] self-play 96 games @ 100 sims ...
[iter 430/500] loss 2.465 (p 2.382 v 0.083) | games 96 pos 11551 buf 80000 | selfplay 115s train 4s (0.83 g/s) | elapsed 14:41:17 ETA 2:23:27
[iter 431/500] self-play 96 games @ 100 sims ...
[iter 431/500] loss 2.470 (p 2.382 v 0.087) | games 96 pos 12801 buf 80000 | selfplay 127s train 4s (0.76 g/s) | elapsed 14:43:28 ETA 2:21:26
[iter 432/500] self-play 96 games @ 100 sims ...
[iter 432/500] loss 2.472 (p 2.382 v 0.090) | games 96 pos 12645 buf 80000 | selfplay 119s train 4s (0.81 g/s) | elapsed 14:45:32 ETA 2:19:23
[iter 433/500] self-play 96 games @ 100 sims ...
[iter 433/500] loss 2.477 (p 2.385 v 0.091) | games 96 pos 12962 buf 80000 | selfplay 118s train 4s (0.81 g/s) | elapsed 14:47:34 ETA 2:17:20
[iter 434/500] self-play 96 games @ 100 sims ...
[iter 434/500] loss 2.496 (p 2.402 v 0.094) | games 96 pos 11888 buf 80000 | selfplay 116s train 4s (0.83 g/s) | elapsed 14:49:35 ETA 2:15:16
[iter 435/500] self-play 96 games @ 100 sims ...
[iter 435/500] loss 2.485 (p 2.402 v 0.084) | games 96 pos 12355 buf 80000 | selfplay 119s train 4s (0.81 g/s) | elapsed 14:51:38 ETA 2:13:14
[iter 436/500] self-play 96 games @ 100 sims ...
[iter 436/500] loss 2.480 (p 2.398 v 0.081) | games 96 pos 12756 buf 80000 | selfplay 117s train 4s (0.82 g/s) | elapsed 14:53:39 ETA 2:11:10
[iter 437/500] self-play 96 games @ 100 sims ...
[iter 437/500] loss 2.480 (p 2.400 v 0.080) | games 96 pos 12388 buf 80000 | selfplay 116s train 4s (0.83 g/s) | elapsed 14:55:39 ETA 2:09:07
[iter 438/500] self-play 96 games @ 100 sims ...
[iter 438/500] loss 2.482 (p 2.400 v 0.082) | games 96 pos 11547 buf 80000 | selfplay 113s train 4s (0.85 g/s) | elapsed 14:57:37 ETA 2:07:03
[iter 439/500] self-play 96 games @ 100 sims ...
[iter 439/500] loss 2.495 (p 2.405 v 0.090) | games 96 pos 12719 buf 80000 | selfplay 121s train 4s (0.79 g/s) | elapsed 14:59:42 ETA 2:05:01
[iter 440/500] self-play 96 games @ 100 sims ...
[iter 440/500] loss 2.491 (p 2.400 v 0.091) | games 96 pos 10786 buf 80000 | selfplay 112s train 4s (0.86 g/s) | elapsed 15:01:39 ETA 2:02:57
[iter 441/500] self-play 96 games @ 100 sims ...
[iter 441/500] loss 2.498 (p 2.405 v 0.093) | games 96 pos 12026 buf 80000 | selfplay 118s train 4s (0.81 g/s) | elapsed 15:03:41 ETA 2:00:54
[iter 442/500] self-play 96 games @ 100 sims ...
[iter 442/500] loss 2.494 (p 2.406 v 0.088) | games 96 pos 12826 buf 80000 | selfplay 119s train 4s (0.81 g/s) | elapsed 15:05:45 ETA 1:58:51
[iter 443/500] self-play 96 games @ 100 sims ...
[iter 443/500] loss 2.496 (p 2.409 v 0.087) | games 96 pos 12836 buf 80000 | selfplay 118s train 4s (0.81 g/s) | elapsed 15:07:47 ETA 1:56:48
[iter 444/500] self-play 96 games @ 100 sims ...
[iter 444/500] loss 2.489 (p 2.405 v 0.083) | games 96 pos 11736 buf 80000 | selfplay 120s train 4s (0.80 g/s) | elapsed 15:09:51 ETA 1:54:45
[iter 445/500] self-play 96 games @ 100 sims ...
[iter 445/500] loss 2.491 (p 2.404 v 0.087) | games 96 pos 10761 buf 80000 | selfplay 112s train 5s (0.86 g/s) | elapsed 15:11:47 ETA 1:52:41
[iter 446/500] self-play 96 games @ 100 sims ...
[iter 446/500] loss 2.486 (p 2.400 v 0.086) | games 96 pos 11560 buf 80000 | selfplay 119s train 5s (0.80 g/s) | elapsed 15:13:51 ETA 1:50:38
[iter 447/500] self-play 96 games @ 100 sims ...
[iter 447/500] loss 2.511 (p 2.410 v 0.100) | games 96 pos 11551 buf 80000 | selfplay 115s train 5s (0.84 g/s) | elapsed 15:15:51 ETA 1:48:35
[iter 448/500] self-play 96 games @ 100 sims ...
[iter 448/500] loss 2.523 (p 2.422 v 0.101) | games 96 pos 12560 buf 80000 | selfplay 120s train 5s (0.80 g/s) | elapsed 15:17:55 ETA 1:46:32
[iter 449/500] self-play 96 games @ 100 sims ...
[iter 449/500] loss 2.517 (p 2.419 v 0.098) | games 96 pos 12337 buf 80000 | selfplay 130s train 5s (0.74 g/s) | elapsed 15:20:10 ETA 1:44:31
[iter 450/500] self-play 96 games @ 100 sims ...
[iter 450/500] loss 2.516 (p 2.415 v 0.101) | games 96 pos 12956 buf 80000 | selfplay 137s train 5s (0.70 g/s) | elapsed 15:22:32 ETA 1:42:30
[iter 451/500] self-play 96 games @ 100 sims ...
[iter 451/500] loss 2.503 (p 2.408 v 0.095) | games 96 pos 11744 buf 80000 | selfplay 126s train 4s (0.76 g/s) | elapsed 15:24:42 ETA 1:40:28
[iter 452/500] self-play 96 games @ 100 sims ...
[iter 452/500] loss 2.488 (p 2.395 v 0.093) | games 96 pos 12362 buf 80000 | selfplay 118s train 4s (0.81 g/s) | elapsed 15:26:45 ETA 1:38:24
[iter 453/500] self-play 96 games @ 100 sims ...
[iter 453/500] loss 2.486 (p 2.387 v 0.099) | games 96 pos 12165 buf 80000 | selfplay 116s train 4s (0.83 g/s) | elapsed 15:28:45 ETA 1:36:21
[iter 454/500] self-play 96 games @ 100 sims ...
[iter 454/500] loss 2.485 (p 2.386 v 0.099) | games 96 pos 12474 buf 80000 | selfplay 117s train 4s (0.82 g/s) | elapsed 15:30:47 ETA 1:34:18
[iter 455/500] self-play 96 games @ 100 sims ...
[iter 455/500] loss 2.463 (p 2.372 v 0.090) | games 96 pos 12626 buf 80000 | selfplay 123s train 4s (0.78 g/s) | elapsed 15:32:54 ETA 1:32:15
[iter 456/500] self-play 96 games @ 100 sims ...
[iter 456/500] loss 2.463 (p 2.371 v 0.092) | games 96 pos 12746 buf 80000 | selfplay 119s train 4s (0.81 g/s) | elapsed 15:34:57 ETA 1:30:12
[iter 457/500] self-play 96 games @ 100 sims ...
[iter 457/500] loss 2.456 (p 2.353 v 0.102) | games 96 pos 11715 buf 80000 | selfplay 116s train 4s (0.83 g/s) | elapsed 15:36:58 ETA 1:28:09
[iter 458/500] self-play 96 games @ 100 sims ...
[iter 458/500] loss 2.443 (p 2.347 v 0.096) | games 96 pos 12110 buf 80000 | selfplay 118s train 4s (0.81 g/s) | elapsed 15:39:01 ETA 1:26:06
[iter 459/500] self-play 96 games @ 100 sims ...
[iter 459/500] loss 2.442 (p 2.343 v 0.099) | games 96 pos 11558 buf 80000 | selfplay 115s train 4s (0.83 g/s) | elapsed 15:41:00 ETA 1:24:03
[iter 460/500] self-play 96 games @ 100 sims ...
[iter 460/500] loss 2.449 (p 2.348 v 0.101) | games 96 pos 12166 buf 80000 | selfplay 112s train 4s (0.86 g/s) | elapsed 15:42:57 ETA 1:21:59
[iter 461/500] self-play 96 games @ 100 sims ...
[iter 461/500] loss 2.446 (p 2.349 v 0.098) | games 96 pos 12452 buf 80000 | selfplay 118s train 4s (0.81 g/s) | elapsed 15:45:00 ETA 1:19:56
[iter 462/500] self-play 96 games @ 100 sims ...
[iter 462/500] loss 2.455 (p 2.357 v 0.098) | games 96 pos 11823 buf 80000 | selfplay 116s train 4s (0.83 g/s) | elapsed 15:47:00 ETA 1:17:53
[iter 463/500] self-play 96 games @ 100 sims ...
[iter 463/500] loss 2.451 (p 2.354 v 0.098) | games 96 pos 11528 buf 80000 | selfplay 113s train 4s (0.85 g/s) | elapsed 15:48:57 ETA 1:15:50
[iter 464/500] self-play 96 games @ 100 sims ...
[iter 464/500] loss 2.449 (p 2.355 v 0.093) | games 96 pos 11927 buf 80000 | selfplay 126s train 4s (0.76 g/s) | elapsed 15:51:08 ETA 1:13:47
[iter 465/500] self-play 96 games @ 100 sims ...
[iter 465/500] loss 2.452 (p 2.354 v 0.098) | games 96 pos 12127 buf 80000 | selfplay 123s train 4s (0.78 g/s) | elapsed 15:53:16 ETA 1:11:45
[iter 466/500] self-play 96 games @ 100 sims ...
[iter 466/500] loss 2.454 (p 2.363 v 0.091) | games 96 pos 13365 buf 80000 | selfplay 123s train 4s (0.78 g/s) | elapsed 15:55:23 ETA 1:09:42
[iter 467/500] self-play 96 games @ 100 sims ...
[iter 467/500] loss 2.447 (p 2.360 v 0.086) | games 96 pos 12762 buf 80000 | selfplay 122s train 4s (0.79 g/s) | elapsed 15:57:30 ETA 1:07:39
[iter 468/500] self-play 96 games @ 100 sims ...
[iter 468/500] loss 2.448 (p 2.370 v 0.079) | games 96 pos 12837 buf 80000 | selfplay 118s train 4s (0.81 g/s) | elapsed 15:59:32 ETA 1:05:36
[iter 469/500] self-play 96 games @ 100 sims ...
[iter 469/500] loss 2.460 (p 2.374 v 0.086) | games 96 pos 11841 buf 80000 | selfplay 116s train 4s (0.82 g/s) | elapsed 16:01:33 ETA 1:03:33
[iter 470/500] self-play 96 games @ 100 sims ...
[iter 470/500] loss 2.467 (p 2.368 v 0.100) | games 96 pos 12674 buf 80000 | selfplay 119s train 4s (0.81 g/s) | elapsed 16:03:37 ETA 1:01:30
[iter 471/500] self-play 96 games @ 100 sims ...
[iter 471/500] loss 2.455 (p 2.366 v 0.089) | games 96 pos 12194 buf 80000 | selfplay 124s train 4s (0.78 g/s) | elapsed 16:05:45 ETA 0:59:27
[iter 472/500] self-play 96 games @ 100 sims ...
[iter 472/500] loss 2.459 (p 2.369 v 0.090) | games 96 pos 11416 buf 80000 | selfplay 121s train 4s (0.79 g/s) | elapsed 16:07:51 ETA 0:57:24
[iter 473/500] self-play 96 games @ 100 sims ...
[iter 473/500] loss 2.473 (p 2.380 v 0.093) | games 96 pos 11788 buf 80000 | selfplay 119s train 5s (0.81 g/s) | elapsed 16:09:54 ETA 0:55:21
[iter 474/500] self-play 96 games @ 100 sims ...
[iter 474/500] loss 2.463 (p 2.379 v 0.085) | games 96 pos 11972 buf 80000 | selfplay 118s train 4s (0.81 g/s) | elapsed 16:11:57 ETA 0:53:18
[iter 475/500] self-play 96 games @ 100 sims ...
[iter 475/500] loss 2.462 (p 2.373 v 0.089) | games 96 pos 11830 buf 80000 | selfplay 122s train 5s (0.79 g/s) | elapsed 16:14:04 ETA 0:51:16
[iter 476/500] self-play 96 games @ 100 sims ...
[iter 476/500] loss 2.472 (p 2.381 v 0.091) | games 96 pos 11593 buf 80000 | selfplay 120s train 5s (0.80 g/s) | elapsed 16:16:09 ETA 0:49:13
[iter 477/500] self-play 96 games @ 100 sims ...
[iter 477/500] loss 2.458 (p 2.371 v 0.086) | games 96 pos 12253 buf 80000 | selfplay 126s train 5s (0.76 g/s) | elapsed 16:18:20 ETA 0:47:10
[iter 478/500] self-play 96 games @ 100 sims ...
[iter 478/500] loss 2.459 (p 2.374 v 0.086) | games 96 pos 11878 buf 80000 | selfplay 116s train 4s (0.83 g/s) | elapsed 16:20:21 ETA 0:45:07
[iter 479/500] self-play 96 games @ 100 sims ...
[iter 479/500] loss 2.458 (p 2.368 v 0.090) | games 96 pos 12258 buf 80000 | selfplay 118s train 4s (0.81 g/s) | elapsed 16:22:23 ETA 0:43:04
[iter 480/500] self-play 96 games @ 100 sims ...
[iter 480/500] loss 2.452 (p 2.366 v 0.086) | games 96 pos 11624 buf 80000 | selfplay 116s train 4s (0.83 g/s) | elapsed 16:24:24 ETA 0:41:01
[iter 481/500] self-play 96 games @ 100 sims ...
[iter 481/500] loss 2.465 (p 2.372 v 0.094) | games 96 pos 12915 buf 80000 | selfplay 128s train 5s (0.75 g/s) | elapsed 16:26:37 ETA 0:38:58
[iter 482/500] self-play 96 games @ 100 sims ...
[iter 482/500] loss 2.473 (p 2.372 v 0.101) | games 96 pos 12117 buf 80000 | selfplay 118s train 4s (0.81 g/s) | elapsed 16:28:40 ETA 0:36:55
[iter 483/500] self-play 96 games @ 100 sims ...
[iter 483/500] loss 2.471 (p 2.373 v 0.098) | games 96 pos 12448 buf 80000 | selfplay 119s train 4s (0.81 g/s) | elapsed 16:30:43 ETA 0:34:52
[iter 484/500] self-play 96 games @ 100 sims ...
[iter 484/500] loss 2.482 (p 2.382 v 0.100) | games 96 pos 11596 buf 80000 | selfplay 115s train 4s (0.83 g/s) | elapsed 16:32:43 ETA 0:32:49
[iter 485/500] self-play 96 games @ 100 sims ...
[iter 485/500] loss 2.473 (p 2.374 v 0.099) | games 96 pos 12315 buf 80000 | selfplay 118s train 4s (0.81 g/s) | elapsed 16:34:45 ETA 0:30:45
[iter 486/500] self-play 96 games @ 100 sims ...
[iter 486/500] loss 2.485 (p 2.390 v 0.096) | games 96 pos 12018 buf 80000 | selfplay 117s train 5s (0.82 g/s) | elapsed 16:36:48 ETA 0:28:42
[iter 487/500] self-play 96 games @ 100 sims ...
[iter 487/500] loss 2.484 (p 2.393 v 0.091) | games 96 pos 12629 buf 80000 | selfplay 130s train 5s (0.74 g/s) | elapsed 16:39:03 ETA 0:26:40
[iter 488/500] self-play 96 games @ 100 sims ...
[iter 488/500] loss 2.479 (p 2.388 v 0.090) | games 96 pos 13482 buf 80000 | selfplay 142s train 5s (0.67 g/s) | elapsed 16:41:30 ETA 0:24:37
[iter 489/500] self-play 96 games @ 100 sims ...
[iter 489/500] loss 2.483 (p 2.385 v 0.098) | games 96 pos 12151 buf 80000 | selfplay 130s train 5s (0.74 g/s) | elapsed 16:43:45 ETA 0:22:34
[iter 490/500] self-play 96 games @ 100 sims ...
[iter 490/500] loss 2.473 (p 2.380 v 0.094) | games 96 pos 13102 buf 80000 | selfplay 131s train 5s (0.73 g/s) | elapsed 16:46:02 ETA 0:20:31
[iter 491/500] self-play 96 games @ 100 sims ...
[iter 491/500] loss 2.465 (p 2.375 v 0.090) | games 96 pos 12187 buf 80000 | selfplay 135s train 5s (0.71 g/s) | elapsed 16:48:21 ETA 0:18:28
[iter 492/500] self-play 96 games @ 100 sims ...
[iter 492/500] loss 2.458 (p 2.375 v 0.083) | games 96 pos 12567 buf 80000 | selfplay 137s train 5s (0.70 g/s) | elapsed 16:50:43 ETA 0:16:26
[iter 493/500] self-play 96 games @ 100 sims ...
[iter 493/500] loss 2.471 (p 2.380 v 0.091) | games 96 pos 12467 buf 80000 | selfplay 135s train 5s (0.71 g/s) | elapsed 16:53:03 ETA 0:14:23
[iter 494/500] self-play 96 games @ 100 sims ...
[iter 494/500] loss 2.483 (p 2.386 v 0.097) | games 96 pos 11241 buf 80000 | selfplay 134s train 5s (0.72 g/s) | elapsed 16:55:22 ETA 0:12:19
[iter 495/500] self-play 96 games @ 100 sims ...
[iter 495/500] loss 2.490 (p 2.391 v 0.099) | games 96 pos 12731 buf 80000 | selfplay 146s train 5s (0.66 g/s) | elapsed 16:57:53 ETA 0:10:16
[iter 496/500] self-play 96 games @ 100 sims ...
[iter 496/500] loss 2.483 (p 2.388 v 0.094) | games 96 pos 11626 buf 80000 | selfplay 139s train 5s (0.69 g/s) | elapsed 17:00:17 ETA 0:08:13
[iter 497/500] self-play 96 games @ 100 sims ...
[iter 497/500] loss 2.479 (p 2.387 v 0.091) | games 96 pos 12382 buf 80000 | selfplay 131s train 5s (0.73 g/s) | elapsed 17:02:33 ETA 0:06:10
[iter 498/500] self-play 96 games @ 100 sims ...
[iter 498/500] loss 2.497 (p 2.398 v 0.099) | games 96 pos 11914 buf 80000 | selfplay 126s train 5s (0.76 g/s) | elapsed 17:04:44 ETA 0:04:06
[iter 499/500] self-play 96 games @ 100 sims ...
[iter 499/500] loss 2.530 (p 2.424 v 0.106) | games 96 pos 12409 buf 80000 | selfplay 138s train 5s (0.70 g/s) | elapsed 17:07:07 ETA 0:02:03
[iter 500/500] self-play 96 games @ 100 sims ...
[iter 500/500] loss 2.511 (p 2.414 v 0.097) | games 96 pos 12489 buf 80000 | selfplay 137s train 5s (0.70 g/s) | elapsed 17:09:29 ETA 0:00:00
[train] done — 500 iterations. checkpoints in runs/run_0/checkpoints
